2023-08-03 09:36:12,875 [3] ERROR BAWebLab2.Core.LibCommon.LogService - StackExchange.Redis.RedisConnectionException: It was not possible to connect to the redis server(s). Error connecting right now. To allow this multiplexer to continue retrying until it's able to connect, use abortConnect=false in your connection string or AbortOnConnectFail=false; in your code.
   at StackExchange.Redis.ConnectionMultiplexer.ConnectImpl(ConfigurationOptions configuration, TextWriter log, Nullable`1 serverType, EndPointCollection endpoints) in /_/src/StackExchange.Redis/ConnectionMultiplexer.cs:line 708
   at StackExchange.Redis.ConnectionMultiplexer.Connect(ConfigurationOptions configuration, TextWriter log) in /_/src/StackExchange.Redis/ConnectionMultiplexer.cs:line 673
   at Microsoft.Extensions.Caching.StackExchangeRedis.RedisCache.Connect()
   at Microsoft.Extensions.Caching.StackExchangeRedis.RedisCache.GetAndRefresh(String key, Boolean getData)
   at Microsoft.Extensions.Caching.StackExchangeRedis.RedisCache.Get(String key)
   at BAWebLab2.Core.LibCommon.CacheRedisService.GetRedisCache[T](String key) in C:\Users\trungnq3\source\repos\BAWebLab2\BAWebLab2.Core\LibCommon\CacheRedisService.cs:line 50
   at BAWebLab2.Core.Services.ReportVehicleSpeedViolationService.GetVehicles(Int32 companyID) in C:\Users\trungnq3\source\repos\BAWebLab2\BAWebLab2.Core\Services\ReportVehicleSpeedViolationService.cs:line 54
2023-08-03 10:58:51,500 [43] ERROR BAWebLab2.Core.LibCommon.LogService - StackExchange.Redis.RedisServerException: CLUSTERDOWN Hash slot not served
   at StackExchange.Redis.ConnectionMultiplexer.ExecuteSyncImpl[T](Message message, ResultProcessor`1 processor, ServerEndPoint server, T defaultValue) in /_/src/StackExchange.Redis/ConnectionMultiplexer.cs:line 1986
   at StackExchange.Redis.RedisBase.ExecuteSync[T](Message message, ResultProcessor`1 processor, ServerEndPoint server, T defaultValue) in /_/src/StackExchange.Redis/RedisBase.cs:line 62
   at StackExchange.Redis.RedisDatabase.HashGet(RedisKey key, RedisValue[] hashFields, CommandFlags flags) in /_/src/StackExchange.Redis/RedisDatabase.cs:line 408
   at Microsoft.Extensions.Caching.StackExchangeRedis.RedisExtensions.HashMemberGet(IDatabase cache, String key, String[] members)
   at Microsoft.Extensions.Caching.StackExchangeRedis.RedisCache.GetAndRefresh(String key, Boolean getData)
   at Microsoft.Extensions.Caching.StackExchangeRedis.RedisCache.Get(String key)
   at BAWebLab2.Core.LibCommon.CacheRedisService.GetRedisCache[T](String key) in C:\Users\trungnq3\source\repos\BAWebLab2\BAWebLab2.Core\LibCommon\CacheRedisService.cs:line 50
   at BAWebLab2.Core.Services.ReportVehicleSpeedViolationService.GetVehicles(Int32 companyID) in C:\Users\trungnq3\source\repos\BAWebLab2\BAWebLab2.Core\Services\ReportVehicleSpeedViolationService.cs:line 54
2023-08-03 13:08:05,367 [33] ERROR BAWebLab2.Core.LibCommon.LogService - StackExchange.Redis.RedisTimeoutException: Timeout performing HMGET (5000ms), inst: 0, qu: 1, qs: 0, aw: False, bw: SpinningDown, rs: NotStarted, ws: Initializing, in: 0, last-in: 0, cur-in: 0, sync-ops: 23, async-ops: 2, serverEndpoint: 127.0.0.1:7000, conn-sec: n/a, mc: 1/1/0, mgr: 10 of 10 available, clientName: PM-TRUONGDV(SE.Redis-v2.6.90.64945), PerfCounterHelperkeyHashSlot: 1097, IOCP: (Busy=0,Free=1000,Min=1,Max=1000), WORKER: (Busy=1,Free=32766,Min=12,Max=32767), POOL: (Threads=7,QueuedItems=0,CompletedItems=837), v: 2.6.90.64945 (Please take a look at this article for some common client-side issues that can cause timeouts: https://stackexchange.github.io/StackExchange.Redis/Timeouts)
   at StackExchange.Redis.ConnectionMultiplexer.ExecuteSyncImpl[T](Message message, ResultProcessor`1 processor, ServerEndPoint server, T defaultValue) in /_/src/StackExchange.Redis/ConnectionMultiplexer.cs:line 1980
   at StackExchange.Redis.RedisBase.ExecuteSync[T](Message message, ResultProcessor`1 processor, ServerEndPoint server, T defaultValue) in /_/src/StackExchange.Redis/RedisBase.cs:line 62
   at StackExchange.Redis.RedisDatabase.HashGet(RedisKey key, RedisValue[] hashFields, CommandFlags flags) in /_/src/StackExchange.Redis/RedisDatabase.cs:line 408
   at Microsoft.Extensions.Caching.StackExchangeRedis.RedisExtensions.HashMemberGet(IDatabase cache, String key, String[] members)
   at Microsoft.Extensions.Caching.StackExchangeRedis.RedisCache.GetAndRefresh(String key, Boolean getData)
   at Microsoft.Extensions.Caching.StackExchangeRedis.RedisCache.Get(String key)
   at BAWebLab2.Core.LibCommon.CacheRedisService.GetRedisCache[T](String key) in C:\Users\trungnq3\source\repos\BAWebLab2\BAWebLab2.Core\LibCommon\CacheRedisService.cs:line 50
   at BAWebLab2.Core.Services.ReportVehicleSpeedViolationService.GetVehicles(Int32 companyID) in C:\Users\trungnq3\source\repos\BAWebLab2\BAWebLab2.Core\Services\ReportVehicleSpeedViolationService.cs:line 54
2023-08-03 13:21:09,131 [4] ERROR BAWebLab2.Core.LibCommon.LogService - StackExchange.Redis.RedisTimeoutException: Timeout performing HMGET (5000ms), inst: 0, qu: 1, qs: 0, aw: False, bw: SpinningDown, rs: NotStarted, ws: Initializing, in: 0, last-in: 0, cur-in: 0, sync-ops: 29, async-ops: 2, serverEndpoint: 127.0.0.1:7001, conn-sec: n/a, mc: 1/1/0, mgr: 10 of 10 available, clientName: PM-TRUONGDV(SE.Redis-v2.6.90.64945), PerfCounterHelperkeyHashSlot: 5927, IOCP: (Busy=0,Free=1000,Min=1,Max=1000), WORKER: (Busy=1,Free=32766,Min=12,Max=32767), POOL: (Threads=7,QueuedItems=0,CompletedItems=867), v: 2.6.90.64945 (Please take a look at this article for some common client-side issues that can cause timeouts: https://stackexchange.github.io/StackExchange.Redis/Timeouts)
   at StackExchange.Redis.ConnectionMultiplexer.ExecuteSyncImpl[T](Message message, ResultProcessor`1 processor, ServerEndPoint server, T defaultValue) in /_/src/StackExchange.Redis/ConnectionMultiplexer.cs:line 1980
   at StackExchange.Redis.RedisBase.ExecuteSync[T](Message message, ResultProcessor`1 processor, ServerEndPoint server, T defaultValue) in /_/src/StackExchange.Redis/RedisBase.cs:line 62
   at StackExchange.Redis.RedisDatabase.HashGet(RedisKey key, RedisValue[] hashFields, CommandFlags flags) in /_/src/StackExchange.Redis/RedisDatabase.cs:line 408
   at Microsoft.Extensions.Caching.StackExchangeRedis.RedisExtensions.HashMemberGet(IDatabase cache, String key, String[] members)
   at Microsoft.Extensions.Caching.StackExchangeRedis.RedisCache.GetAndRefresh(String key, Boolean getData)
   at Microsoft.Extensions.Caching.StackExchangeRedis.RedisCache.Get(String key)
   at BAWebLab2.Core.LibCommon.CacheRedisService.GetRedisCache[T](String key) in C:\Users\trungnq3\source\repos\BAWebLab2\BAWebLab2.Core\LibCommon\CacheRedisService.cs:line 50
   at BAWebLab2.Core.Services.ReportVehicleSpeedViolationService.GetListCacheOrDB(InputSearchList input, Int32 companyID, StoreResult`1& storeResult) in C:\Users\trungnq3\source\repos\BAWebLab2\BAWebLab2.Core\Services\ReportVehicleSpeedViolationService.cs:line 164
   at BAWebLab2.Core.Services.ReportVehicleSpeedViolationService.GetDataReport(InputSearchList input, Int32 companyID) in C:\Users\trungnq3\source\repos\BAWebLab2\BAWebLab2.Core\Services\ReportVehicleSpeedViolationService.cs:line 95
2023-08-03 13:30:30,332 [4] ERROR BAWebLab2.Core.LibCommon.LogService - StackExchange.Redis.RedisTimeoutException: Timeout performing HMGET (5000ms), inst: 0, qu: 1, qs: 0, aw: False, bw: SpinningDown, last-in: 0, cur-in: 0, sync-ops: 46, async-ops: 4, serverEndpoint: 127.0.0.1:7000, conn-sec: n/a, mc: 1/1/0, mgr: 10 of 10 available, clientName: PM-TRUONGDV(SE.Redis-v2.6.90.64945), PerfCounterHelperkeyHashSlot: 1097, IOCP: (Busy=0,Free=1000,Min=1,Max=1000), WORKER: (Busy=1,Free=32766,Min=12,Max=32767), POOL: (Threads=9,QueuedItems=0,CompletedItems=5994), v: 2.6.90.64945 (Please take a look at this article for some common client-side issues that can cause timeouts: https://stackexchange.github.io/StackExchange.Redis/Timeouts)
   at StackExchange.Redis.ConnectionMultiplexer.ExecuteSyncImpl[T](Message message, ResultProcessor`1 processor, ServerEndPoint server, T defaultValue) in /_/src/StackExchange.Redis/ConnectionMultiplexer.cs:line 1988
   at StackExchange.Redis.RedisDatabase.HashGet(RedisKey key, RedisValue[] hashFields, CommandFlags flags) in /_/src/StackExchange.Redis/RedisDatabase.cs:line 405
   at Microsoft.Extensions.Caching.StackExchangeRedis.RedisExtensions.HashMemberGet(IDatabase cache, String key, String[] members)
   at Microsoft.Extensions.Caching.StackExchangeRedis.RedisCache.GetAndRefresh(String key, Boolean getData)
   at BAWebLab2.Core.LibCommon.CacheRedisService.GetRedisCache[T](String key) in C:\Users\trungnq3\source\repos\BAWebLab2\BAWebLab2.Core\LibCommon\CacheRedisService.cs:line 50
   at BAWebLab2.Core.Services.ReportVehicleSpeedViolationService.GetVehicles(Int32 companyID) in C:\Users\trungnq3\source\repos\BAWebLab2\BAWebLab2.Core\Services\ReportVehicleSpeedViolationService.cs:line 54
2023-08-03 15:48:49,875 [19] ERROR BAWebLab2.Core.LibCommon.LogHelper - StackExchange.Redis.RedisConnectionException: It was not possible to connect to the redis server(s). Error connecting right now. To allow this multiplexer to continue retrying until it's able to connect, use abortConnect=false in your connection string or AbortOnConnectFail=false; in your code.
   at StackExchange.Redis.ConnectionMultiplexer.ConnectImpl(ConfigurationOptions configuration, TextWriter log, Nullable`1 serverType, EndPointCollection endpoints) in /_/src/StackExchange.Redis/ConnectionMultiplexer.cs:line 708
   at StackExchange.Redis.ConnectionMultiplexer.Connect(ConfigurationOptions configuration, TextWriter log) in /_/src/StackExchange.Redis/ConnectionMultiplexer.cs:line 673
   at Microsoft.Extensions.Caching.StackExchangeRedis.RedisCache.Connect()
   at Microsoft.Extensions.Caching.StackExchangeRedis.RedisCache.GetAndRefresh(String key, Boolean getData)
   at Microsoft.Extensions.Caching.StackExchangeRedis.RedisCache.Get(String key)
   at BAWebLab2.Core.LibCommon.CacheRedisHelper.GetRedisCache[T](String key) in C:\Users\trungnq3\source\repos\BAWebLab2\BAWebLab2.Core\Helper\CacheRedisHelper.cs:line 50
   at BAWebLab2.Core.Services.ReportVehicleSpeedViolationService.GetVehicles(Int32 companyID) in C:\Users\trungnq3\source\repos\BAWebLab2\BAWebLab2.Core\Services\ReportVehicleSpeedViolationService.cs:line 54
