2023-07-27 08:10:49,024 [6] WARN  BAWebLab2.Core.Services.ReportVehicleSpeedViolationService - System.Collections.Generic.List`1[System.String]
2023-07-27 08:11:09,538 [6] WARN  BAWebLab2.Core.Services.ReportVehicleSpeedViolationService - System.Collections.Generic.List`1[System.String]
2023-07-27 08:11:14,068 [6] WARN  BAWebLab2.Core.Services.ReportVehicleSpeedViolationService - System.Collections.Generic.List`1[System.String]
2023-07-27 08:11:14,404 [6] WARN  BAWebLab2.Core.Services.ReportVehicleSpeedViolationService - System.Collections.Generic.List`1[System.String]
2023-07-27 08:11:14,926 [8] WARN  BAWebLab2.Core.Services.ReportVehicleSpeedViolationService - System.Collections.Generic.List`1[System.String]
2023-07-27 08:11:15,726 [8] WARN  BAWebLab2.Core.Services.ReportVehicleSpeedViolationService - System.Collections.Generic.List`1[System.String]
2023-07-27 08:11:16,341 [8] WARN  BAWebLab2.Core.Services.ReportVehicleSpeedViolationService - System.Collections.Generic.List`1[System.String]
2023-07-27 08:11:17,069 [6] WARN  BAWebLab2.Core.Services.ReportVehicleSpeedViolationService - System.Collections.Generic.List`1[System.String]
2023-07-27 08:11:17,629 [6] WARN  BAWebLab2.Core.Services.ReportVehicleSpeedViolationService - System.Collections.Generic.List`1[System.String]
2023-07-27 08:11:18,324 [4] WARN  BAWebLab2.Core.Services.ReportVehicleSpeedViolationService - System.Collections.Generic.List`1[System.String]
2023-07-27 08:11:19,206 [8] WARN  BAWebLab2.Core.Services.ReportVehicleSpeedViolationService - System.Collections.Generic.List`1[System.String]
2023-07-27 08:11:27,426 [6] WARN  BAWebLab2.Core.Services.ReportVehicleSpeedViolationService - System.Collections.Generic.List`1[System.String]
2023-07-27 08:11:27,582 [4] WARN  BAWebLab2.Core.Services.ReportVehicleSpeedViolationService - System.Collections.Generic.List`1[System.String]
2023-07-27 08:11:27,758 [4] WARN  BAWebLab2.Core.Services.ReportVehicleSpeedViolationService - System.Collections.Generic.List`1[System.String]
2023-07-27 08:11:28,070 [6] WARN  BAWebLab2.Core.Services.ReportVehicleSpeedViolationService - System.Collections.Generic.List`1[System.String]
2023-07-27 08:11:28,253 [4] WARN  BAWebLab2.Core.Services.ReportVehicleSpeedViolationService - System.Collections.Generic.List`1[System.String]
2023-07-27 08:11:28,422 [8] WARN  BAWebLab2.Core.Services.ReportVehicleSpeedViolationService - System.Collections.Generic.List`1[System.String]
2023-07-27 08:11:28,605 [4] WARN  BAWebLab2.Core.Services.ReportVehicleSpeedViolationService - System.Collections.Generic.List`1[System.String]
2023-07-27 08:11:29,369 [6] WARN  BAWebLab2.Core.Services.ReportVehicleSpeedViolationService - System.Collections.Generic.List`1[System.String]
2023-07-27 08:11:29,597 [4] WARN  BAWebLab2.Core.Services.ReportVehicleSpeedViolationService - System.Collections.Generic.List`1[System.String]
2023-07-27 08:12:25,571 [16] WARN  BAWebLab2.Core.Services.ReportVehicleSpeedViolationService - System.Collections.Generic.List`1[System.String]
2023-07-27 08:12:25,668 [4] WARN  BAWebLab2.Core.Services.ReportVehicleSpeedViolationService - System.Collections.Generic.List`1[System.String]
2023-07-27 08:12:25,836 [4] WARN  BAWebLab2.Core.Services.ReportVehicleSpeedViolationService - System.Collections.Generic.List`1[System.String]
2023-07-27 08:12:26,011 [6] WARN  BAWebLab2.Core.Services.ReportVehicleSpeedViolationService - System.Collections.Generic.List`1[System.String]
2023-07-27 08:12:26,164 [6] WARN  BAWebLab2.Core.Services.ReportVehicleSpeedViolationService - System.Collections.Generic.List`1[System.String]
2023-07-27 08:12:26,517 [16] WARN  BAWebLab2.Core.Services.ReportVehicleSpeedViolationService - System.Collections.Generic.List`1[System.String]
2023-07-27 08:12:26,686 [4] WARN  BAWebLab2.Core.Services.ReportVehicleSpeedViolationService - System.Collections.Generic.List`1[System.String]
2023-07-27 08:12:26,827 [6] WARN  BAWebLab2.Core.Services.ReportVehicleSpeedViolationService - System.Collections.Generic.List`1[System.String]
2023-07-27 08:12:27,004 [16] WARN  BAWebLab2.Core.Services.ReportVehicleSpeedViolationService - System.Collections.Generic.List`1[System.String]
2023-07-27 08:12:28,189 [16] WARN  BAWebLab2.Core.Services.ReportVehicleSpeedViolationService - System.Collections.Generic.List`1[System.String]
2023-07-27 08:12:28,533 [6] WARN  BAWebLab2.Core.Services.ReportVehicleSpeedViolationService - System.Collections.Generic.List`1[System.String]
2023-07-27 08:12:28,691 [16] WARN  BAWebLab2.Core.Services.ReportVehicleSpeedViolationService - System.Collections.Generic.List`1[System.String]
2023-07-27 08:12:28,868 [16] WARN  BAWebLab2.Core.Services.ReportVehicleSpeedViolationService - System.Collections.Generic.List`1[System.String]
2023-07-27 08:12:29,035 [4] WARN  BAWebLab2.Core.Services.ReportVehicleSpeedViolationService - System.Collections.Generic.List`1[System.String]
2023-07-27 08:12:29,195 [4] WARN  BAWebLab2.Core.Services.ReportVehicleSpeedViolationService - System.Collections.Generic.List`1[System.String]
2023-07-27 08:14:09,965 [6] WARN  BAWebLab2.Core.Services.ReportVehicleSpeedViolationService - System.Collections.Generic.List`1[System.String]
2023-07-27 08:14:10,098 [33] WARN  BAWebLab2.Core.Services.ReportVehicleSpeedViolationService - System.Collections.Generic.List`1[System.String]
2023-07-27 08:14:10,272 [6] WARN  BAWebLab2.Core.Services.ReportVehicleSpeedViolationService - System.Collections.Generic.List`1[System.String]
2023-07-27 08:14:10,446 [4] WARN  BAWebLab2.Core.Services.ReportVehicleSpeedViolationService - System.Collections.Generic.List`1[System.String]
2023-07-27 08:14:10,603 [6] WARN  BAWebLab2.Core.Services.ReportVehicleSpeedViolationService - System.Collections.Generic.List`1[System.String]
2023-07-27 08:14:10,789 [3] WARN  BAWebLab2.Core.Services.ReportVehicleSpeedViolationService - System.Collections.Generic.List`1[System.String]
2023-07-27 08:14:10,953 [32] WARN  BAWebLab2.Core.Services.ReportVehicleSpeedViolationService - System.Collections.Generic.List`1[System.String]
2023-07-27 08:14:12,052 [6] WARN  BAWebLab2.Core.Services.ReportVehicleSpeedViolationService - System.Collections.Generic.List`1[System.String]
2023-07-27 08:14:12,365 [6] WARN  BAWebLab2.Core.Services.ReportVehicleSpeedViolationService - System.Collections.Generic.List`1[System.String]
2023-07-27 08:14:12,538 [6] WARN  BAWebLab2.Core.Services.ReportVehicleSpeedViolationService - System.Collections.Generic.List`1[System.String]
2023-07-27 08:14:12,709 [6] WARN  BAWebLab2.Core.Services.ReportVehicleSpeedViolationService - System.Collections.Generic.List`1[System.String]
2023-07-27 08:14:12,884 [6] WARN  BAWebLab2.Core.Services.ReportVehicleSpeedViolationService - System.Collections.Generic.List`1[System.String]
2023-07-27 08:14:13,058 [3] WARN  BAWebLab2.Core.Services.ReportVehicleSpeedViolationService - System.Collections.Generic.List`1[System.String]
2023-07-27 08:14:13,239 [6] WARN  BAWebLab2.Core.Services.ReportVehicleSpeedViolationService - System.Collections.Generic.List`1[System.String]
2023-07-27 08:14:13,426 [3] WARN  BAWebLab2.Core.Services.ReportVehicleSpeedViolationService - System.Collections.Generic.List`1[System.String]
2023-07-27 08:14:13,773 [6] WARN  BAWebLab2.Core.Services.ReportVehicleSpeedViolationService - System.Collections.Generic.List`1[System.String]
2023-07-27 08:14:13,956 [3] WARN  BAWebLab2.Core.Services.ReportVehicleSpeedViolationService - System.Collections.Generic.List`1[System.String]
2023-07-27 08:14:14,163 [32] WARN  BAWebLab2.Core.Services.ReportVehicleSpeedViolationService - System.Collections.Generic.List`1[System.String]
2023-07-27 15:12:18,966 [3] ERROR BAWebLab2.Core.Services.ReportVehicleSpeedViolationService - System.InvalidOperationException: There is already an open DataReader associated with this Connection which must be closed first.
   at Microsoft.Data.SqlClient.SqlInternalConnectionTds.ValidateConnectionForExecute(SqlCommand command)
   at Microsoft.Data.SqlClient.SqlConnection.ValidateConnectionForExecute(String method, SqlCommand command)
   at Microsoft.Data.SqlClient.SqlCommand.ValidateCommand(Boolean isAsync, String method)
   at Microsoft.Data.SqlClient.SqlCommand.RunExecuteReader(CommandBehavior cmdBehavior, RunBehavior runBehavior, Boolean returnStream, TaskCompletionSource`1 completion, Int32 timeout, Task& task, Boolean& usedCache, Boolean asyncWrite, Boolean inRetry, String method)
   at Microsoft.Data.SqlClient.SqlCommand.RunExecuteReader(CommandBehavior cmdBehavior, RunBehavior runBehavior, Boolean returnStream, String method)
   at Microsoft.Data.SqlClient.SqlCommand.ExecuteReader(CommandBehavior behavior)
   at Microsoft.Data.SqlClient.SqlCommand.ExecuteDbDataReader(CommandBehavior behavior)
   at Microsoft.EntityFrameworkCore.Storage.RelationalCommand.ExecuteReader(RelationalCommandParameterObject parameterObject)
   at Microsoft.EntityFrameworkCore.Query.Internal.SingleQueryingEnumerable`1.Enumerator.InitializeReader(Enumerator enumerator)
   at Microsoft.EntityFrameworkCore.Query.Internal.SingleQueryingEnumerable`1.Enumerator.<>c.<MoveNext>b__21_0(DbContext _, Enumerator enumerator)
   at Microsoft.EntityFrameworkCore.SqlServer.Storage.Internal.SqlServerExecutionStrategy.Execute[TState,TResult](TState state, Func`3 operation, Func`3 verifySucceeded)
   at Microsoft.EntityFrameworkCore.Query.Internal.SingleQueryingEnumerable`1.Enumerator.MoveNext()
   at System.Linq.Lookup`2.Create(IEnumerable`1 source, Func`2 keySelector, IEqualityComparer`1 comparer)
   at System.Linq.GroupedEnumerable`2.GetEnumerator()
   at System.Linq.Enumerable.SelectEnumerableIterator`2.MoveNext()
   at System.Linq.Lookup`2.CreateForJoin(IEnumerable`1 source, Func`2 keySelector, IEqualityComparer`1 comparer)
   at System.Linq.Enumerable.JoinIterator[TOuter,TInner,TKey,TResult](IEnumerable`1 outer, IEnumerable`1 inner, Func`2 outerKeySelector, Func`2 innerKeySelector, Func`3 resultSelector, IEqualityComparer`1 comparer)+MoveNext()
   at System.Linq.Enumerable.JoinIterator[TOuter,TInner,TKey,TResult](IEnumerable`1 outer, IEnumerable`1 inner, Func`2 outerKeySelector, Func`2 innerKeySelector, Func`3 resultSelector, IEqualityComparer`1 comparer)+MoveNext()
   at System.Linq.Enumerable.JoinIterator[TOuter,TInner,TKey,TResult](IEnumerable`1 outer, IEnumerable`1 inner, Func`2 outerKeySelector, Func`2 innerKeySelector, Func`3 resultSelector, IEqualityComparer`1 comparer)+MoveNext()
   at System.Linq.Enumerable.JoinIterator[TOuter,TInner,TKey,TResult](IEnumerable`1 outer, IEnumerable`1 inner, Func`2 outerKeySelector, Func`2 innerKeySelector, Func`3 resultSelector, IEqualityComparer`1 comparer)+MoveNext()
   at System.Collections.Generic.EnumerableHelpers.ToArray[T](IEnumerable`1 source, Int32& length)
   at System.Linq.Buffer`1..ctor(IEnumerable`1 source)
   at System.Linq.OrderedEnumerable`1.GetEnumerator()+MoveNext()
   at System.Linq.Enumerable.SelectIPartitionIterator`2.GetCount(Boolean onlyIfCheap)
   at BAWebLab2.Core.Services.ReportVehicleSpeedViolationService.GetListCacheOrDB(InputSearchList input, Int32 companyID, StoreResult`1& storeResult) in C:\Users\trungnq3\source\repos\BAWebLab2\BAWebLab2.Core\Services\ReportVehicleSpeedViolationService.cs:line 174
   at BAWebLab2.Core.Services.ReportVehicleSpeedViolationService.GetDataReport(InputSearchList input, Int32 companyID) in C:\Users\trungnq3\source\repos\BAWebLab2\BAWebLab2.Core\Services\ReportVehicleSpeedViolationService.cs:line 86
2023-07-27 17:19:44,824 [13] ERROR BAWebLab2.Core.Services.ReportVehicleSpeedViolationService - System.NullReferenceException: Object reference not set to an instance of an object.
   at BAWebLab2.Repository.GenericRepository`1.Find(Expression`1 expression) in C:\Users\trungnq3\source\repos\BAWebLab2\BAWebLab2.Infrastructure\Repositories\GenericRepository.cs:line 75
   at BAWebLab2.Core.Services.BGTVehicleTransportTypesService.GetByCompanyID(Int32 companyID) in C:\Users\trungnq3\source\repos\BAWebLab2\BAWebLab2.Core\Services\BGTVehicleTransportTypesService.cs:line 31
   at BAWebLab2.Core.Services.ReportVehicleSpeedViolationService.GetIEnumerableAfterJoin(InputSearchList input, Int32 companyID) in C:\Users\trungnq3\source\repos\BAWebLab2\BAWebLab2.Core\Services\ReportVehicleSpeedViolationService.cs:line 219
   at BAWebLab2.Core.Services.ReportVehicleSpeedViolationService.GetListCacheOrDB(InputSearchList input, Int32 companyID, StoreResult`1& storeResult) in C:\Users\trungnq3\source\repos\BAWebLab2\BAWebLab2.Core\Services\ReportVehicleSpeedViolationService.cs:line 174
   at BAWebLab2.Core.Services.ReportVehicleSpeedViolationService.GetDataReport(InputSearchList input, Int32 companyID) in C:\Users\trungnq3\source\repos\BAWebLab2\BAWebLab2.Core\Services\ReportVehicleSpeedViolationService.cs:line 87
2023-07-27 17:28:02,120 [4] ERROR BAWebLab2.Core.Services.ReportVehicleSpeedViolationService - System.NullReferenceException: Object reference not set to an instance of an object.
   at BAWebLab2.Core.Services.ReportVehicleSpeedViolationService.GetSpeedGroup(InputSearchList input, List`1 arrVehicle, Int32 companyID) in C:\Users\trungnq3\source\repos\BAWebLab2\BAWebLab2.Core\Services\ReportVehicleSpeedViolationService.cs:line 352
   at BAWebLab2.Core.Services.ReportVehicleSpeedViolationService.GetIEnumerableAfterJoin(InputSearchList input, Int32 companyID) in C:\Users\trungnq3\source\repos\BAWebLab2\BAWebLab2.Core\Services\ReportVehicleSpeedViolationService.cs:line 224
   at BAWebLab2.Core.Services.ReportVehicleSpeedViolationService.GetListCacheOrDB(InputSearchList input, Int32 companyID, StoreResult`1& storeResult) in C:\Users\trungnq3\source\repos\BAWebLab2\BAWebLab2.Core\Services\ReportVehicleSpeedViolationService.cs:line 175
   at BAWebLab2.Core.Services.ReportVehicleSpeedViolationService.GetDataReport(InputSearchList input, Int32 companyID) in C:\Users\trungnq3\source\repos\BAWebLab2\BAWebLab2.Core\Services\ReportVehicleSpeedViolationService.cs:line 88
