2023-07-28 08:34:22,085 [12] ERROR BAWebLab2.Core.Services.ReportVehicleSpeedViolationService - lp
2023-07-28 08:41:29,855 [6] ERROR BAWebLab2.Core.Services.ReportVehicleSpeedViolationService - lp
2023-07-28 08:41:41,217 [36] ERROR BAWebLab2.Core.Services.ReportVehicleSpeedViolationService - lp
2023-07-28 08:43:14,309 [29] ERROR BAWebLab2.Core.Services.ReportVehicleSpeedViolationService - lp
2023-07-28 08:43:28,078 [38] ERROR BAWebLab2.Core.Services.ReportVehicleSpeedViolationService - lp
2023-07-28 08:43:31,830 [38] ERROR BAWebLab2.Core.Services.ReportVehicleSpeedViolationService - System.FormatException: The input string 'vcx2' was not in a correct format.
   at System.Number.ThrowOverflowOrFormatException(ParsingStatus status, ReadOnlySpan`1 value, TypeCode type)
   at System.Int64.Parse(String s)
   at System.Linq.Enumerable.SelectArrayIterator`2.ToList()
   at System.Linq.Enumerable.ToList[TSource](IEnumerable`1 source)
   at BAWebLab2.LibCommon.LibCommon.StringToListLong(String text) in C:\Users\trungnq3\source\repos\BAWebLab2\BAWebLab2.Core\LibCommon\LibCommon.cs:line 55
   at BAWebLab2.Core.Services.ReportVehicleSpeedViolationService.GetIEnumerableAfterJoin(InputSearchList input, Int32 companyID) in C:\Users\trungnq3\source\repos\BAWebLab2\BAWebLab2.Core\Services\ReportVehicleSpeedViolationService.cs:line 221
   at BAWebLab2.Core.Services.ReportVehicleSpeedViolationService.GetListCacheOrDB(InputSearchList input, Int32 companyID, StoreResult`1& storeResult) in C:\Users\trungnq3\source\repos\BAWebLab2\BAWebLab2.Core\Services\ReportVehicleSpeedViolationService.cs:line 178
   at BAWebLab2.Core.Services.ReportVehicleSpeedViolationService.GetDataReport(InputSearchList input, Int32 companyID) in C:\Users\trungnq3\source\repos\BAWebLab2\BAWebLab2.Core\Services\ReportVehicleSpeedViolationService.cs:line 90
2023-07-28 08:47:01,770 [8] ERROR BAWebLab2.Core.Services.ReportVehicleSpeedViolationService - lp
2023-07-28 08:47:01,982 [8] ERROR BAWebLab2.Core.Services.ReportVehicleSpeedViolationService - System.FormatException: The input string 'vcx2' was not in a correct format.
   at System.Number.ThrowOverflowOrFormatException(ParsingStatus status, ReadOnlySpan`1 value, TypeCode type)
   at System.Int64.Parse(String s)
   at System.Linq.Enumerable.SelectArrayIterator`2.ToList()
   at System.Linq.Enumerable.ToList[TSource](IEnumerable`1 source)
   at BAWebLab2.LibCommon.StringToListLong(String text) in C:\Users\trungnq3\source\repos\BAWebLab2\BAWebLab2.Core\LibCommon\LibCommon.cs:line 55
   at BAWebLab2.Core.Services.ReportVehicleSpeedViolationService.GetIEnumerableAfterJoin(InputSearchList input, Int32 companyID) in C:\Users\trungnq3\source\repos\BAWebLab2\BAWebLab2.Core\Services\ReportVehicleSpeedViolationService.cs:line 221
   at BAWebLab2.Core.Services.ReportVehicleSpeedViolationService.GetListCacheOrDB(InputSearchList input, Int32 companyID, StoreResult`1& storeResult) in C:\Users\trungnq3\source\repos\BAWebLab2\BAWebLab2.Core\Services\ReportVehicleSpeedViolationService.cs:line 178
   at BAWebLab2.Core.Services.ReportVehicleSpeedViolationService.GetDataReport(InputSearchList input, Int32 companyID) in C:\Users\trungnq3\source\repos\BAWebLab2\BAWebLab2.Core\Services\ReportVehicleSpeedViolationService.cs:line 90
2023-07-28 09:19:44,047 [17] ERROR BAWebLab2.Core.Services.ReportVehicleSpeedViolationService - lp
2023-07-28 09:20:31,134 [3] ERROR BAWebLab2.Core.Services.ReportVehicleSpeedViolationService - lp
2023-07-28 09:20:37,125 [19] ERROR BAWebLab2.Core.Services.ReportVehicleSpeedViolationService - lp
2023-07-28 09:20:37,677 [34] ERROR BAWebLab2.Core.Services.ReportVehicleSpeedViolationService - lp
2023-07-28 09:20:38,254 [34] ERROR BAWebLab2.Core.Services.ReportVehicleSpeedViolationService - lp
2023-07-28 09:20:38,683 [3] ERROR BAWebLab2.Core.Services.ReportVehicleSpeedViolationService - lp
2023-07-28 09:20:39,108 [17] ERROR BAWebLab2.Core.Services.ReportVehicleSpeedViolationService - lp
2023-07-28 09:20:39,709 [17] ERROR BAWebLab2.Core.Services.ReportVehicleSpeedViolationService - lp
2023-07-28 09:20:39,768 [17] ERROR BAWebLab2.Core.Services.ReportVehicleSpeedViolationService - StackExchange.Redis.RedisServerException: WRONGTYPE Operation against a key holding the wrong kind of value
   at StackExchange.Redis.ConnectionMultiplexer.ExecuteSyncImpl[T](Message message, ResultProcessor`1 processor, ServerEndPoint server, T defaultValue) in /_/src/StackExchange.Redis/ConnectionMultiplexer.cs:line 1986
   at StackExchange.Redis.RedisBase.ExecuteSync[T](Message message, ResultProcessor`1 processor, ServerEndPoint server, T defaultValue) in /_/src/StackExchange.Redis/RedisBase.cs:line 62
   at StackExchange.Redis.RedisDatabase.HashGet(RedisKey key, RedisValue[] hashFields, CommandFlags flags) in /_/src/StackExchange.Redis/RedisDatabase.cs:line 408
   at Microsoft.Extensions.Caching.StackExchangeRedis.RedisExtensions.HashMemberGet(IDatabase cache, String key, String[] members)
   at Microsoft.Extensions.Caching.StackExchangeRedis.RedisCache.GetAndRefresh(String key, Boolean getData)
   at Microsoft.Extensions.Caching.StackExchangeRedis.RedisCache.Get(String key)
   at BAWebLab2.Core.Services.ReportVehicleSpeedViolationService.GetListCacheOrDB(InputSearchList input, Int32 companyID, StoreResult`1& storeResult) in C:\Users\trungnq3\source\repos\BAWebLab2\BAWebLab2.Core\Services\ReportVehicleSpeedViolationService.cs:line 159
   at BAWebLab2.Core.Services.ReportVehicleSpeedViolationService.GetDataReport(InputSearchList input, Int32 companyID) in C:\Users\trungnq3\source\repos\BAWebLab2\BAWebLab2.Core\Services\ReportVehicleSpeedViolationService.cs:line 86
2023-07-28 09:20:43,305 [17] ERROR BAWebLab2.Core.Services.ReportVehicleSpeedViolationService - lp
2023-07-28 09:20:43,331 [17] ERROR BAWebLab2.Core.Services.ReportVehicleSpeedViolationService - StackExchange.Redis.RedisServerException: WRONGTYPE Operation against a key holding the wrong kind of value
   at StackExchange.Redis.ConnectionMultiplexer.ExecuteSyncImpl[T](Message message, ResultProcessor`1 processor, ServerEndPoint server, T defaultValue) in /_/src/StackExchange.Redis/ConnectionMultiplexer.cs:line 1986
   at StackExchange.Redis.RedisBase.ExecuteSync[T](Message message, ResultProcessor`1 processor, ServerEndPoint server, T defaultValue) in /_/src/StackExchange.Redis/RedisBase.cs:line 62
   at StackExchange.Redis.RedisDatabase.HashGet(RedisKey key, RedisValue[] hashFields, CommandFlags flags) in /_/src/StackExchange.Redis/RedisDatabase.cs:line 408
   at Microsoft.Extensions.Caching.StackExchangeRedis.RedisExtensions.HashMemberGet(IDatabase cache, String key, String[] members)
   at Microsoft.Extensions.Caching.StackExchangeRedis.RedisCache.GetAndRefresh(String key, Boolean getData)
   at Microsoft.Extensions.Caching.StackExchangeRedis.RedisCache.Get(String key)
   at BAWebLab2.Core.Services.ReportVehicleSpeedViolationService.GetListCacheOrDB(InputSearchList input, Int32 companyID, StoreResult`1& storeResult) in C:\Users\trungnq3\source\repos\BAWebLab2\BAWebLab2.Core\Services\ReportVehicleSpeedViolationService.cs:line 159
   at BAWebLab2.Core.Services.ReportVehicleSpeedViolationService.GetDataReport(InputSearchList input, Int32 companyID) in C:\Users\trungnq3\source\repos\BAWebLab2\BAWebLab2.Core\Services\ReportVehicleSpeedViolationService.cs:line 86
2023-07-28 09:20:44,245 [3] ERROR BAWebLab2.Core.Services.ReportVehicleSpeedViolationService - lp
2023-07-28 09:20:44,272 [3] ERROR BAWebLab2.Core.Services.ReportVehicleSpeedViolationService - StackExchange.Redis.RedisServerException: WRONGTYPE Operation against a key holding the wrong kind of value
   at StackExchange.Redis.ConnectionMultiplexer.ExecuteSyncImpl[T](Message message, ResultProcessor`1 processor, ServerEndPoint server, T defaultValue) in /_/src/StackExchange.Redis/ConnectionMultiplexer.cs:line 1986
   at StackExchange.Redis.RedisBase.ExecuteSync[T](Message message, ResultProcessor`1 processor, ServerEndPoint server, T defaultValue) in /_/src/StackExchange.Redis/RedisBase.cs:line 62
   at StackExchange.Redis.RedisDatabase.HashGet(RedisKey key, RedisValue[] hashFields, CommandFlags flags) in /_/src/StackExchange.Redis/RedisDatabase.cs:line 408
   at Microsoft.Extensions.Caching.StackExchangeRedis.RedisExtensions.HashMemberGet(IDatabase cache, String key, String[] members)
   at Microsoft.Extensions.Caching.StackExchangeRedis.RedisCache.GetAndRefresh(String key, Boolean getData)
   at Microsoft.Extensions.Caching.StackExchangeRedis.RedisCache.Get(String key)
   at BAWebLab2.Core.Services.ReportVehicleSpeedViolationService.GetListCacheOrDB(InputSearchList input, Int32 companyID, StoreResult`1& storeResult) in C:\Users\trungnq3\source\repos\BAWebLab2\BAWebLab2.Core\Services\ReportVehicleSpeedViolationService.cs:line 159
   at BAWebLab2.Core.Services.ReportVehicleSpeedViolationService.GetDataReport(InputSearchList input, Int32 companyID) in C:\Users\trungnq3\source\repos\BAWebLab2\BAWebLab2.Core\Services\ReportVehicleSpeedViolationService.cs:line 86
2023-07-28 09:20:44,957 [3] ERROR BAWebLab2.Core.Services.ReportVehicleSpeedViolationService - lp
2023-07-28 09:20:44,983 [3] ERROR BAWebLab2.Core.Services.ReportVehicleSpeedViolationService - StackExchange.Redis.RedisServerException: WRONGTYPE Operation against a key holding the wrong kind of value
   at StackExchange.Redis.ConnectionMultiplexer.ExecuteSyncImpl[T](Message message, ResultProcessor`1 processor, ServerEndPoint server, T defaultValue) in /_/src/StackExchange.Redis/ConnectionMultiplexer.cs:line 1986
   at StackExchange.Redis.RedisBase.ExecuteSync[T](Message message, ResultProcessor`1 processor, ServerEndPoint server, T defaultValue) in /_/src/StackExchange.Redis/RedisBase.cs:line 62
   at StackExchange.Redis.RedisDatabase.HashGet(RedisKey key, RedisValue[] hashFields, CommandFlags flags) in /_/src/StackExchange.Redis/RedisDatabase.cs:line 408
   at Microsoft.Extensions.Caching.StackExchangeRedis.RedisExtensions.HashMemberGet(IDatabase cache, String key, String[] members)
   at Microsoft.Extensions.Caching.StackExchangeRedis.RedisCache.GetAndRefresh(String key, Boolean getData)
   at Microsoft.Extensions.Caching.StackExchangeRedis.RedisCache.Get(String key)
   at BAWebLab2.Core.Services.ReportVehicleSpeedViolationService.GetListCacheOrDB(InputSearchList input, Int32 companyID, StoreResult`1& storeResult) in C:\Users\trungnq3\source\repos\BAWebLab2\BAWebLab2.Core\Services\ReportVehicleSpeedViolationService.cs:line 159
   at BAWebLab2.Core.Services.ReportVehicleSpeedViolationService.GetDataReport(InputSearchList input, Int32 companyID) in C:\Users\trungnq3\source\repos\BAWebLab2\BAWebLab2.Core\Services\ReportVehicleSpeedViolationService.cs:line 86
2023-07-28 09:20:45,124 [17] ERROR BAWebLab2.Core.Services.ReportVehicleSpeedViolationService - lp
2023-07-28 09:20:45,150 [17] ERROR BAWebLab2.Core.Services.ReportVehicleSpeedViolationService - StackExchange.Redis.RedisServerException: WRONGTYPE Operation against a key holding the wrong kind of value
   at StackExchange.Redis.ConnectionMultiplexer.ExecuteSyncImpl[T](Message message, ResultProcessor`1 processor, ServerEndPoint server, T defaultValue) in /_/src/StackExchange.Redis/ConnectionMultiplexer.cs:line 1986
   at StackExchange.Redis.RedisBase.ExecuteSync[T](Message message, ResultProcessor`1 processor, ServerEndPoint server, T defaultValue) in /_/src/StackExchange.Redis/RedisBase.cs:line 62
   at StackExchange.Redis.RedisDatabase.HashGet(RedisKey key, RedisValue[] hashFields, CommandFlags flags) in /_/src/StackExchange.Redis/RedisDatabase.cs:line 408
   at Microsoft.Extensions.Caching.StackExchangeRedis.RedisExtensions.HashMemberGet(IDatabase cache, String key, String[] members)
   at Microsoft.Extensions.Caching.StackExchangeRedis.RedisCache.GetAndRefresh(String key, Boolean getData)
   at Microsoft.Extensions.Caching.StackExchangeRedis.RedisCache.Get(String key)
   at BAWebLab2.Core.Services.ReportVehicleSpeedViolationService.GetListCacheOrDB(InputSearchList input, Int32 companyID, StoreResult`1& storeResult) in C:\Users\trungnq3\source\repos\BAWebLab2\BAWebLab2.Core\Services\ReportVehicleSpeedViolationService.cs:line 159
   at BAWebLab2.Core.Services.ReportVehicleSpeedViolationService.GetDataReport(InputSearchList input, Int32 companyID) in C:\Users\trungnq3\source\repos\BAWebLab2\BAWebLab2.Core\Services\ReportVehicleSpeedViolationService.cs:line 86
2023-07-28 09:20:45,292 [3] ERROR BAWebLab2.Core.Services.ReportVehicleSpeedViolationService - lp
2023-07-28 09:20:45,319 [3] ERROR BAWebLab2.Core.Services.ReportVehicleSpeedViolationService - StackExchange.Redis.RedisServerException: WRONGTYPE Operation against a key holding the wrong kind of value
   at StackExchange.Redis.ConnectionMultiplexer.ExecuteSyncImpl[T](Message message, ResultProcessor`1 processor, ServerEndPoint server, T defaultValue) in /_/src/StackExchange.Redis/ConnectionMultiplexer.cs:line 1986
   at StackExchange.Redis.RedisBase.ExecuteSync[T](Message message, ResultProcessor`1 processor, ServerEndPoint server, T defaultValue) in /_/src/StackExchange.Redis/RedisBase.cs:line 62
   at StackExchange.Redis.RedisDatabase.HashGet(RedisKey key, RedisValue[] hashFields, CommandFlags flags) in /_/src/StackExchange.Redis/RedisDatabase.cs:line 408
   at Microsoft.Extensions.Caching.StackExchangeRedis.RedisExtensions.HashMemberGet(IDatabase cache, String key, String[] members)
   at Microsoft.Extensions.Caching.StackExchangeRedis.RedisCache.GetAndRefresh(String key, Boolean getData)
   at Microsoft.Extensions.Caching.StackExchangeRedis.RedisCache.Get(String key)
   at BAWebLab2.Core.Services.ReportVehicleSpeedViolationService.GetListCacheOrDB(InputSearchList input, Int32 companyID, StoreResult`1& storeResult) in C:\Users\trungnq3\source\repos\BAWebLab2\BAWebLab2.Core\Services\ReportVehicleSpeedViolationService.cs:line 159
   at BAWebLab2.Core.Services.ReportVehicleSpeedViolationService.GetDataReport(InputSearchList input, Int32 companyID) in C:\Users\trungnq3\source\repos\BAWebLab2\BAWebLab2.Core\Services\ReportVehicleSpeedViolationService.cs:line 86
2023-07-28 09:20:45,468 [34] ERROR BAWebLab2.Core.Services.ReportVehicleSpeedViolationService - lp
2023-07-28 09:20:45,495 [34] ERROR BAWebLab2.Core.Services.ReportVehicleSpeedViolationService - StackExchange.Redis.RedisServerException: WRONGTYPE Operation against a key holding the wrong kind of value
   at StackExchange.Redis.ConnectionMultiplexer.ExecuteSyncImpl[T](Message message, ResultProcessor`1 processor, ServerEndPoint server, T defaultValue) in /_/src/StackExchange.Redis/ConnectionMultiplexer.cs:line 1986
   at StackExchange.Redis.RedisBase.ExecuteSync[T](Message message, ResultProcessor`1 processor, ServerEndPoint server, T defaultValue) in /_/src/StackExchange.Redis/RedisBase.cs:line 62
   at StackExchange.Redis.RedisDatabase.HashGet(RedisKey key, RedisValue[] hashFields, CommandFlags flags) in /_/src/StackExchange.Redis/RedisDatabase.cs:line 408
   at Microsoft.Extensions.Caching.StackExchangeRedis.RedisExtensions.HashMemberGet(IDatabase cache, String key, String[] members)
   at Microsoft.Extensions.Caching.StackExchangeRedis.RedisCache.GetAndRefresh(String key, Boolean getData)
   at Microsoft.Extensions.Caching.StackExchangeRedis.RedisCache.Get(String key)
   at BAWebLab2.Core.Services.ReportVehicleSpeedViolationService.GetListCacheOrDB(InputSearchList input, Int32 companyID, StoreResult`1& storeResult) in C:\Users\trungnq3\source\repos\BAWebLab2\BAWebLab2.Core\Services\ReportVehicleSpeedViolationService.cs:line 159
   at BAWebLab2.Core.Services.ReportVehicleSpeedViolationService.GetDataReport(InputSearchList input, Int32 companyID) in C:\Users\trungnq3\source\repos\BAWebLab2\BAWebLab2.Core\Services\ReportVehicleSpeedViolationService.cs:line 86
2023-07-28 09:20:48,086 [19] ERROR BAWebLab2.Core.Services.ReportVehicleSpeedViolationService - lp
2023-07-28 09:20:48,112 [19] ERROR BAWebLab2.Core.Services.ReportVehicleSpeedViolationService - StackExchange.Redis.RedisServerException: WRONGTYPE Operation against a key holding the wrong kind of value
   at StackExchange.Redis.ConnectionMultiplexer.ExecuteSyncImpl[T](Message message, ResultProcessor`1 processor, ServerEndPoint server, T defaultValue) in /_/src/StackExchange.Redis/ConnectionMultiplexer.cs:line 1986
   at StackExchange.Redis.RedisBase.ExecuteSync[T](Message message, ResultProcessor`1 processor, ServerEndPoint server, T defaultValue) in /_/src/StackExchange.Redis/RedisBase.cs:line 62
   at StackExchange.Redis.RedisDatabase.HashGet(RedisKey key, RedisValue[] hashFields, CommandFlags flags) in /_/src/StackExchange.Redis/RedisDatabase.cs:line 408
   at Microsoft.Extensions.Caching.StackExchangeRedis.RedisExtensions.HashMemberGet(IDatabase cache, String key, String[] members)
   at Microsoft.Extensions.Caching.StackExchangeRedis.RedisCache.GetAndRefresh(String key, Boolean getData)
   at Microsoft.Extensions.Caching.StackExchangeRedis.RedisCache.Get(String key)
   at BAWebLab2.Core.Services.ReportVehicleSpeedViolationService.GetListCacheOrDB(InputSearchList input, Int32 companyID, StoreResult`1& storeResult) in C:\Users\trungnq3\source\repos\BAWebLab2\BAWebLab2.Core\Services\ReportVehicleSpeedViolationService.cs:line 159
   at BAWebLab2.Core.Services.ReportVehicleSpeedViolationService.GetDataReport(InputSearchList input, Int32 companyID) in C:\Users\trungnq3\source\repos\BAWebLab2\BAWebLab2.Core\Services\ReportVehicleSpeedViolationService.cs:line 86
2023-07-28 09:21:46,679 [34] ERROR BAWebLab2.Core.Services.ReportVehicleSpeedViolationService - lp
2023-07-28 09:21:46,706 [34] ERROR BAWebLab2.Core.Services.ReportVehicleSpeedViolationService - StackExchange.Redis.RedisServerException: WRONGTYPE Operation against a key holding the wrong kind of value
   at StackExchange.Redis.ConnectionMultiplexer.ExecuteSyncImpl[T](Message message, ResultProcessor`1 processor, ServerEndPoint server, T defaultValue) in /_/src/StackExchange.Redis/ConnectionMultiplexer.cs:line 1986
   at StackExchange.Redis.RedisBase.ExecuteSync[T](Message message, ResultProcessor`1 processor, ServerEndPoint server, T defaultValue) in /_/src/StackExchange.Redis/RedisBase.cs:line 62
   at StackExchange.Redis.RedisDatabase.HashGet(RedisKey key, RedisValue[] hashFields, CommandFlags flags) in /_/src/StackExchange.Redis/RedisDatabase.cs:line 408
   at Microsoft.Extensions.Caching.StackExchangeRedis.RedisExtensions.HashMemberGet(IDatabase cache, String key, String[] members)
   at Microsoft.Extensions.Caching.StackExchangeRedis.RedisCache.GetAndRefresh(String key, Boolean getData)
   at Microsoft.Extensions.Caching.StackExchangeRedis.RedisCache.Get(String key)
   at BAWebLab2.Core.Services.ReportVehicleSpeedViolationService.GetListCacheOrDB(InputSearchList input, Int32 companyID, StoreResult`1& storeResult) in C:\Users\trungnq3\source\repos\BAWebLab2\BAWebLab2.Core\Services\ReportVehicleSpeedViolationService.cs:line 159
   at BAWebLab2.Core.Services.ReportVehicleSpeedViolationService.GetDataReport(InputSearchList input, Int32 companyID) in C:\Users\trungnq3\source\repos\BAWebLab2\BAWebLab2.Core\Services\ReportVehicleSpeedViolationService.cs:line 86
2023-07-28 09:21:47,309 [3] ERROR BAWebLab2.Core.Services.ReportVehicleSpeedViolationService - lp
2023-07-28 09:21:47,339 [3] ERROR BAWebLab2.Core.Services.ReportVehicleSpeedViolationService - StackExchange.Redis.RedisServerException: WRONGTYPE Operation against a key holding the wrong kind of value
   at StackExchange.Redis.ConnectionMultiplexer.ExecuteSyncImpl[T](Message message, ResultProcessor`1 processor, ServerEndPoint server, T defaultValue) in /_/src/StackExchange.Redis/ConnectionMultiplexer.cs:line 1986
   at StackExchange.Redis.RedisBase.ExecuteSync[T](Message message, ResultProcessor`1 processor, ServerEndPoint server, T defaultValue) in /_/src/StackExchange.Redis/RedisBase.cs:line 62
   at StackExchange.Redis.RedisDatabase.HashGet(RedisKey key, RedisValue[] hashFields, CommandFlags flags) in /_/src/StackExchange.Redis/RedisDatabase.cs:line 408
   at Microsoft.Extensions.Caching.StackExchangeRedis.RedisExtensions.HashMemberGet(IDatabase cache, String key, String[] members)
   at Microsoft.Extensions.Caching.StackExchangeRedis.RedisCache.GetAndRefresh(String key, Boolean getData)
   at Microsoft.Extensions.Caching.StackExchangeRedis.RedisCache.Get(String key)
   at BAWebLab2.Core.Services.ReportVehicleSpeedViolationService.GetListCacheOrDB(InputSearchList input, Int32 companyID, StoreResult`1& storeResult) in C:\Users\trungnq3\source\repos\BAWebLab2\BAWebLab2.Core\Services\ReportVehicleSpeedViolationService.cs:line 159
   at BAWebLab2.Core.Services.ReportVehicleSpeedViolationService.GetDataReport(InputSearchList input, Int32 companyID) in C:\Users\trungnq3\source\repos\BAWebLab2\BAWebLab2.Core\Services\ReportVehicleSpeedViolationService.cs:line 86
2023-07-28 09:21:47,660 [34] ERROR BAWebLab2.Core.Services.ReportVehicleSpeedViolationService - lp
2023-07-28 09:22:45,550 [35] ERROR BAWebLab2.Core.Services.ReportVehicleSpeedViolationService - lp
2023-07-28 09:22:45,576 [35] ERROR BAWebLab2.Core.Services.ReportVehicleSpeedViolationService - StackExchange.Redis.RedisServerException: WRONGTYPE Operation against a key holding the wrong kind of value
   at StackExchange.Redis.ConnectionMultiplexer.ExecuteSyncImpl[T](Message message, ResultProcessor`1 processor, ServerEndPoint server, T defaultValue) in /_/src/StackExchange.Redis/ConnectionMultiplexer.cs:line 1986
   at StackExchange.Redis.RedisBase.ExecuteSync[T](Message message, ResultProcessor`1 processor, ServerEndPoint server, T defaultValue) in /_/src/StackExchange.Redis/RedisBase.cs:line 62
   at StackExchange.Redis.RedisDatabase.HashGet(RedisKey key, RedisValue[] hashFields, CommandFlags flags) in /_/src/StackExchange.Redis/RedisDatabase.cs:line 408
   at Microsoft.Extensions.Caching.StackExchangeRedis.RedisExtensions.HashMemberGet(IDatabase cache, String key, String[] members)
   at Microsoft.Extensions.Caching.StackExchangeRedis.RedisCache.GetAndRefresh(String key, Boolean getData)
   at Microsoft.Extensions.Caching.StackExchangeRedis.RedisCache.Get(String key)
   at BAWebLab2.Core.Services.ReportVehicleSpeedViolationService.GetListCacheOrDB(InputSearchList input, Int32 companyID, StoreResult`1& storeResult) in C:\Users\trungnq3\source\repos\BAWebLab2\BAWebLab2.Core\Services\ReportVehicleSpeedViolationService.cs:line 159
   at BAWebLab2.Core.Services.ReportVehicleSpeedViolationService.GetDataReport(InputSearchList input, Int32 companyID) in C:\Users\trungnq3\source\repos\BAWebLab2\BAWebLab2.Core\Services\ReportVehicleSpeedViolationService.cs:line 86
2023-07-28 09:37:26,439 [8] ERROR BAWebLab2.Core.Services.ReportVehicleSpeedViolationService - lp
2023-07-28 09:37:47,118 [4] ERROR BAWebLab2.Core.Services.ReportVehicleSpeedViolationService - lp
2023-07-28 09:37:48,795 [4] ERROR BAWebLab2.Core.Services.ReportVehicleSpeedViolationService - Newtonsoft.Json.JsonSerializationException: Error converting value 100 to type 'System.Collections.Generic.List`1[BAWebLab2.Infrastructure.Models.ResultReportSpeed]'. Path '', line 1, position 3.
 ---> System.ArgumentException: Could not cast or convert from System.Int64 to System.Collections.Generic.List`1[BAWebLab2.Infrastructure.Models.ResultReportSpeed].
   at Newtonsoft.Json.Utilities.ConvertUtils.EnsureTypeAssignable(Object value, Type initialType, Type targetType)
   at Newtonsoft.Json.Utilities.ConvertUtils.ConvertOrCast(Object initialValue, CultureInfo culture, Type targetType)
   at Newtonsoft.Json.Serialization.JsonSerializerInternalReader.EnsureType(JsonReader reader, Object value, CultureInfo culture, JsonContract contract, Type targetType)
   --- End of inner exception stack trace ---
   at Newtonsoft.Json.Serialization.JsonSerializerInternalReader.EnsureType(JsonReader reader, Object value, CultureInfo culture, JsonContract contract, Type targetType)
   at Newtonsoft.Json.Serialization.JsonSerializerInternalReader.CreateValueInternal(JsonReader reader, Type objectType, JsonContract contract, JsonProperty member, JsonContainerContract containerContract, JsonProperty containerMember, Object existingValue)
   at Newtonsoft.Json.Serialization.JsonSerializerInternalReader.Deserialize(JsonReader reader, Type objectType, Boolean checkAdditionalContent)
   at Newtonsoft.Json.JsonSerializer.DeserializeInternal(JsonReader reader, Type objectType)
   at Newtonsoft.Json.JsonSerializer.Deserialize(JsonReader reader, Type objectType)
   at Newtonsoft.Json.JsonConvert.DeserializeObject(String value, Type type, JsonSerializerSettings settings)
   at Newtonsoft.Json.JsonConvert.DeserializeObject[T](String value, JsonSerializerSettings settings)
   at Newtonsoft.Json.JsonConvert.DeserializeObject[T](String value)
   at BAWebLab2.LibCommon.GetRedisCache[T](String key) in C:\Users\trungnq3\source\repos\BAWebLab2\BAWebLab2.Core\LibCommon\LibCommon.cs:line 115
   at BAWebLab2.Core.Services.ReportVehicleSpeedViolationService.GetListCacheOrDB(InputSearchList input, Int32 companyID, StoreResult`1& storeResult) in C:\Users\trungnq3\source\repos\BAWebLab2\BAWebLab2.Core\Services\ReportVehicleSpeedViolationService.cs:line 160
   at BAWebLab2.Core.Services.ReportVehicleSpeedViolationService.GetDataReport(InputSearchList input, Int32 companyID) in C:\Users\trungnq3\source\repos\BAWebLab2\BAWebLab2.Core\Services\ReportVehicleSpeedViolationService.cs:line 86
2023-07-28 09:39:52,168 [4] ERROR BAWebLab2.Core.Services.ReportVehicleSpeedViolationService - lp
2023-07-28 09:39:59,670 [4] ERROR BAWebLab2.Core.Services.ReportVehicleSpeedViolationService - lp
2023-07-28 09:40:07,437 [9] ERROR BAWebLab2.Core.Services.ReportVehicleSpeedViolationService - lp
2023-07-28 09:40:08,085 [9] ERROR BAWebLab2.Core.Services.ReportVehicleSpeedViolationService - lp
2023-07-28 09:40:08,549 [9] ERROR BAWebLab2.Core.Services.ReportVehicleSpeedViolationService - lp
2023-07-28 09:40:08,990 [9] ERROR BAWebLab2.Core.Services.ReportVehicleSpeedViolationService - lp
2023-07-28 09:40:09,491 [9] ERROR BAWebLab2.Core.Services.ReportVehicleSpeedViolationService - lp
2023-07-28 09:40:11,486 [9] ERROR BAWebLab2.Core.Services.ReportVehicleSpeedViolationService - lp
2023-07-28 09:40:11,844 [9] ERROR BAWebLab2.Core.Services.ReportVehicleSpeedViolationService - lp
2023-07-28 09:40:12,132 [9] ERROR BAWebLab2.Core.Services.ReportVehicleSpeedViolationService - lp
2023-07-28 09:40:12,300 [14] ERROR BAWebLab2.Core.Services.ReportVehicleSpeedViolationService - lp
2023-07-28 09:40:12,640 [14] ERROR BAWebLab2.Core.Services.ReportVehicleSpeedViolationService - lp
2023-07-28 09:40:12,835 [4] ERROR BAWebLab2.Core.Services.ReportVehicleSpeedViolationService - lp
2023-07-28 09:40:13,069 [4] ERROR BAWebLab2.Core.Services.ReportVehicleSpeedViolationService - lp
2023-07-28 09:40:13,422 [4] ERROR BAWebLab2.Core.Services.ReportVehicleSpeedViolationService - lp
2023-07-28 09:40:13,692 [7] ERROR BAWebLab2.Core.Services.ReportVehicleSpeedViolationService - lp
2023-07-28 09:40:32,303 [13] ERROR BAWebLab2.Core.Services.ReportVehicleSpeedViolationService - lp
2023-07-28 09:40:32,436 [13] ERROR BAWebLab2.Core.Services.ReportVehicleSpeedViolationService - lp
2023-07-28 09:40:32,597 [13] ERROR BAWebLab2.Core.Services.ReportVehicleSpeedViolationService - lp
2023-07-28 09:40:32,765 [13] ERROR BAWebLab2.Core.Services.ReportVehicleSpeedViolationService - lp
2023-07-28 09:40:32,931 [13] ERROR BAWebLab2.Core.Services.ReportVehicleSpeedViolationService - lp
2023-07-28 09:40:33,236 [9] ERROR BAWebLab2.Core.Services.ReportVehicleSpeedViolationService - lp
2023-07-28 09:40:33,420 [14] ERROR BAWebLab2.Core.Services.ReportVehicleSpeedViolationService - lp
2023-07-28 09:40:33,580 [4] ERROR BAWebLab2.Core.Services.ReportVehicleSpeedViolationService - lp
2023-07-28 09:40:33,739 [10] ERROR BAWebLab2.Core.Services.ReportVehicleSpeedViolationService - lp
2023-07-28 09:40:33,923 [9] ERROR BAWebLab2.Core.Services.ReportVehicleSpeedViolationService - lp
2023-07-28 09:40:35,163 [4] ERROR BAWebLab2.Core.Services.ReportVehicleSpeedViolationService - lp
2023-07-28 09:40:35,348 [7] ERROR BAWebLab2.Core.Services.ReportVehicleSpeedViolationService - lp
2023-07-28 09:40:35,506 [10] ERROR BAWebLab2.Core.Services.ReportVehicleSpeedViolationService - lp
2023-07-28 09:40:35,683 [7] ERROR BAWebLab2.Core.Services.ReportVehicleSpeedViolationService - lp
2023-07-28 09:40:35,836 [7] ERROR BAWebLab2.Core.Services.ReportVehicleSpeedViolationService - lp
2023-07-28 09:40:36,017 [4] ERROR BAWebLab2.Core.Services.ReportVehicleSpeedViolationService - lp
2023-07-28 09:40:36,178 [13] ERROR BAWebLab2.Core.Services.ReportVehicleSpeedViolationService - lp
2023-07-28 09:40:36,349 [13] ERROR BAWebLab2.Core.Services.ReportVehicleSpeedViolationService - lp
2023-07-28 09:40:36,530 [4] ERROR BAWebLab2.Core.Services.ReportVehicleSpeedViolationService - lp
2023-07-28 09:41:01,923 [10] ERROR BAWebLab2.Core.Services.ReportVehicleSpeedViolationService - lp
2023-07-28 09:41:16,683 [4] ERROR BAWebLab2.Core.Services.ReportVehicleSpeedViolationService - lp
2023-07-28 09:41:17,066 [7] ERROR BAWebLab2.Core.Services.ReportVehicleSpeedViolationService - lp
2023-07-28 09:41:17,403 [10] ERROR BAWebLab2.Core.Services.ReportVehicleSpeedViolationService - lp
2023-07-28 09:41:17,739 [14] ERROR BAWebLab2.Core.Services.ReportVehicleSpeedViolationService - lp
2023-07-28 09:41:17,988 [14] ERROR BAWebLab2.Core.Services.ReportVehicleSpeedViolationService - lp
2023-07-28 09:41:18,354 [10] ERROR BAWebLab2.Core.Services.ReportVehicleSpeedViolationService - lp
2023-07-28 09:41:18,618 [10] ERROR BAWebLab2.Core.Services.ReportVehicleSpeedViolationService - lp
2023-07-28 09:41:18,818 [4] ERROR BAWebLab2.Core.Services.ReportVehicleSpeedViolationService - lp
2023-07-28 09:41:19,075 [7] ERROR BAWebLab2.Core.Services.ReportVehicleSpeedViolationService - lp
2023-07-28 09:41:19,379 [7] ERROR BAWebLab2.Core.Services.ReportVehicleSpeedViolationService - lp
2023-07-28 09:41:20,467 [10] ERROR BAWebLab2.Core.Services.ReportVehicleSpeedViolationService - lp
2023-07-28 09:41:20,642 [14] ERROR BAWebLab2.Core.Services.ReportVehicleSpeedViolationService - lp
2023-07-28 09:41:20,804 [4] ERROR BAWebLab2.Core.Services.ReportVehicleSpeedViolationService - lp
2023-07-28 09:41:20,971 [4] ERROR BAWebLab2.Core.Services.ReportVehicleSpeedViolationService - lp
2023-07-28 09:41:21,138 [10] ERROR BAWebLab2.Core.Services.ReportVehicleSpeedViolationService - lp
2023-07-28 09:41:21,315 [14] ERROR BAWebLab2.Core.Services.ReportVehicleSpeedViolationService - lp
2023-07-28 09:41:21,490 [14] ERROR BAWebLab2.Core.Services.ReportVehicleSpeedViolationService - lp
2023-07-28 09:41:21,658 [14] ERROR BAWebLab2.Core.Services.ReportVehicleSpeedViolationService - lp
2023-07-28 09:41:21,827 [4] ERROR BAWebLab2.Core.Services.ReportVehicleSpeedViolationService - lp
2023-07-28 09:41:22,002 [10] ERROR BAWebLab2.Core.Services.ReportVehicleSpeedViolationService - lp
2023-07-28 09:41:23,346 [10] ERROR BAWebLab2.Core.Services.ReportVehicleSpeedViolationService - lp
2023-07-28 09:41:23,522 [10] ERROR BAWebLab2.Core.Services.ReportVehicleSpeedViolationService - lp
2023-07-28 09:41:23,690 [7] ERROR BAWebLab2.Core.Services.ReportVehicleSpeedViolationService - lp
2023-07-28 09:41:23,858 [14] ERROR BAWebLab2.Core.Services.ReportVehicleSpeedViolationService - lp
2023-07-28 09:41:24,027 [10] ERROR BAWebLab2.Core.Services.ReportVehicleSpeedViolationService - lp
2023-07-28 09:41:24,195 [4] ERROR BAWebLab2.Core.Services.ReportVehicleSpeedViolationService - lp
2023-07-28 09:41:24,363 [10] ERROR BAWebLab2.Core.Services.ReportVehicleSpeedViolationService - lp
2023-07-28 09:41:24,537 [14] ERROR BAWebLab2.Core.Services.ReportVehicleSpeedViolationService - lp
2023-07-28 09:41:24,714 [14] ERROR BAWebLab2.Core.Services.ReportVehicleSpeedViolationService - lp
2023-07-28 09:41:24,883 [14] ERROR BAWebLab2.Core.Services.ReportVehicleSpeedViolationService - lp
2023-07-28 09:41:25,057 [14] ERROR BAWebLab2.Core.Services.ReportVehicleSpeedViolationService - lp
2023-07-28 09:41:25,226 [4] ERROR BAWebLab2.Core.Services.ReportVehicleSpeedViolationService - lp
2023-07-28 09:41:25,403 [7] ERROR BAWebLab2.Core.Services.ReportVehicleSpeedViolationService - lp
2023-07-28 09:44:52,130 [13] ERROR BAWebLab2.Core.Services.ReportVehicleSpeedViolationService - lp
2023-07-28 09:44:53,288 [13] ERROR BAWebLab2.Core.Services.ReportVehicleSpeedViolationService - lp
2023-07-28 09:44:53,978 [13] ERROR BAWebLab2.Core.Services.ReportVehicleSpeedViolationService - lp
2023-07-28 09:44:54,493 [14] ERROR BAWebLab2.Core.Services.ReportVehicleSpeedViolationService - lp
2023-07-28 09:44:54,924 [14] ERROR BAWebLab2.Core.Services.ReportVehicleSpeedViolationService - lp
2023-07-28 09:44:55,309 [14] ERROR BAWebLab2.Core.Services.ReportVehicleSpeedViolationService - lp
2023-07-28 09:44:55,492 [6] ERROR BAWebLab2.Core.Services.ReportVehicleSpeedViolationService - lp
2023-07-28 09:44:55,660 [6] ERROR BAWebLab2.Core.Services.ReportVehicleSpeedViolationService - lp
2023-07-28 09:44:55,844 [6] ERROR BAWebLab2.Core.Services.ReportVehicleSpeedViolationService - lp
2023-07-28 09:44:57,111 [8] ERROR BAWebLab2.Core.Services.ReportVehicleSpeedViolationService - lp
2023-07-28 09:44:57,668 [4] ERROR BAWebLab2.Core.Services.ReportVehicleSpeedViolationService - lp
2023-07-28 09:44:57,845 [6] ERROR BAWebLab2.Core.Services.ReportVehicleSpeedViolationService - lp
2023-07-28 09:44:57,998 [6] ERROR BAWebLab2.Core.Services.ReportVehicleSpeedViolationService - lp
2023-07-28 09:44:58,173 [4] ERROR BAWebLab2.Core.Services.ReportVehicleSpeedViolationService - lp
2023-07-28 09:44:58,325 [4] ERROR BAWebLab2.Core.Services.ReportVehicleSpeedViolationService - lp
2023-07-28 09:44:58,507 [4] ERROR BAWebLab2.Core.Services.ReportVehicleSpeedViolationService - lp
2023-07-28 09:44:58,691 [8] ERROR BAWebLab2.Core.Services.ReportVehicleSpeedViolationService - lp
2023-07-28 09:44:58,868 [6] ERROR BAWebLab2.Core.Services.ReportVehicleSpeedViolationService - lp
2023-07-28 09:44:59,019 [4] ERROR BAWebLab2.Core.Services.ReportVehicleSpeedViolationService - lp
2023-07-28 09:44:59,188 [14] ERROR BAWebLab2.Core.Services.ReportVehicleSpeedViolationService - lp
2023-07-28 09:45:18,300 [6] ERROR BAWebLab2.Core.Services.ReportVehicleSpeedViolationService - lp
2023-07-28 09:45:21,548 [8] ERROR BAWebLab2.Core.Services.ReportVehicleSpeedViolationService - lp
2023-07-28 09:45:24,754 [8] ERROR BAWebLab2.Core.Services.ReportVehicleSpeedViolationService - lp
2023-07-28 09:45:25,955 [4] ERROR BAWebLab2.Core.Services.ReportVehicleSpeedViolationService - lp
2023-07-28 09:45:27,164 [9] ERROR BAWebLab2.Core.Services.ReportVehicleSpeedViolationService - lp
2023-07-28 09:45:27,853 [6] ERROR BAWebLab2.Core.Services.ReportVehicleSpeedViolationService - lp
2023-07-28 09:45:28,460 [9] ERROR BAWebLab2.Core.Services.ReportVehicleSpeedViolationService - lp
2023-07-28 09:45:28,980 [9] ERROR BAWebLab2.Core.Services.ReportVehicleSpeedViolationService - lp
2023-07-28 09:45:29,421 [9] ERROR BAWebLab2.Core.Services.ReportVehicleSpeedViolationService - lp
2023-07-28 09:45:29,790 [9] ERROR BAWebLab2.Core.Services.ReportVehicleSpeedViolationService - lp
2023-07-28 09:45:30,171 [9] ERROR BAWebLab2.Core.Services.ReportVehicleSpeedViolationService - lp
2023-07-28 09:45:30,587 [6] ERROR BAWebLab2.Core.Services.ReportVehicleSpeedViolationService - lp
2023-07-28 09:45:30,923 [4] ERROR BAWebLab2.Core.Services.ReportVehicleSpeedViolationService - lp
2023-07-28 09:45:31,195 [4] ERROR BAWebLab2.Core.Services.ReportVehicleSpeedViolationService - lp
2023-07-28 09:45:32,770 [4] ERROR BAWebLab2.Core.Services.ReportVehicleSpeedViolationService - lp
2023-07-28 09:45:33,315 [9] ERROR BAWebLab2.Core.Services.ReportVehicleSpeedViolationService - lp
2023-07-28 09:45:33,501 [9] ERROR BAWebLab2.Core.Services.ReportVehicleSpeedViolationService - lp
2023-07-28 09:45:33,659 [6] ERROR BAWebLab2.Core.Services.ReportVehicleSpeedViolationService - lp
2023-07-28 09:45:33,843 [13] ERROR BAWebLab2.Core.Services.ReportVehicleSpeedViolationService - lp
2023-07-28 09:45:34,027 [9] ERROR BAWebLab2.Core.Services.ReportVehicleSpeedViolationService - lp
2023-07-28 09:45:34,187 [9] ERROR BAWebLab2.Core.Services.ReportVehicleSpeedViolationService - lp
2023-07-28 09:45:34,355 [9] ERROR BAWebLab2.Core.Services.ReportVehicleSpeedViolationService - lp
2023-07-28 09:45:34,547 [4] ERROR BAWebLab2.Core.Services.ReportVehicleSpeedViolationService - lp
2023-07-28 09:45:34,697 [14] ERROR BAWebLab2.Core.Services.ReportVehicleSpeedViolationService - lp
2023-07-28 09:45:34,874 [8] ERROR BAWebLab2.Core.Services.ReportVehicleSpeedViolationService - lp
2023-07-28 09:55:59,247 [4] ERROR BAWebLab2.Core.Services.ReportVehicleSpeedViolationService - 
2023-07-28 09:56:55,447 [8] ERROR BAWebLab2.Core.Services.ReportVehicleSpeedViolationService - 
2023-07-28 09:57:34,664 [6] ERROR BAWebLab2.Core.Services.ReportVehicleSpeedViolationService - 
2023-07-28 10:28:00,600 [6] ERROR BAWebLab2.LibCommon - 
2023-07-28 10:28:03,198 [8] ERROR BAWebLab2.LibCommon - 
2023-07-28 10:28:03,918 [9] ERROR BAWebLab2.LibCommon - 
2023-07-28 10:28:04,545 [9] ERROR BAWebLab2.LibCommon - 
2023-07-28 10:28:05,015 [9] ERROR BAWebLab2.LibCommon - 
2023-07-28 10:28:05,465 [9] ERROR BAWebLab2.LibCommon - 
2023-07-28 10:28:05,824 [9] ERROR BAWebLab2.LibCommon - 
2023-07-28 10:28:06,208 [12] ERROR BAWebLab2.LibCommon - 
2023-07-28 10:28:06,584 [12] ERROR BAWebLab2.LibCommon - 
2023-07-28 10:28:06,944 [12] ERROR BAWebLab2.LibCommon - 
2023-07-28 10:28:07,320 [12] ERROR BAWebLab2.LibCommon - 
2023-07-28 10:28:08,602 [4] ERROR BAWebLab2.LibCommon - 
2023-07-28 10:28:08,976 [9] ERROR BAWebLab2.LibCommon - 
2023-07-28 10:28:09,177 [9] ERROR BAWebLab2.LibCommon - 
2023-07-28 10:28:09,383 [6] ERROR BAWebLab2.LibCommon - 
2023-07-28 10:28:09,559 [6] ERROR BAWebLab2.LibCommon - 
2023-07-28 10:28:09,728 [15] ERROR BAWebLab2.LibCommon - 
2023-07-28 10:28:10,153 [8] ERROR BAWebLab2.LibCommon - 
2023-07-28 10:28:10,423 [9] ERROR BAWebLab2.LibCommon - 
2023-07-28 10:28:11,248 [9] ERROR BAWebLab2.LibCommon - 
2023-07-28 10:28:13,607 [15] ERROR BAWebLab2.LibCommon - 
2023-07-28 10:28:13,903 [8] ERROR BAWebLab2.LibCommon - 
2023-07-28 10:28:14,110 [12] ERROR BAWebLab2.LibCommon - 
2023-07-28 10:28:14,287 [9] ERROR BAWebLab2.LibCommon - 
2023-07-28 10:28:14,583 [9] ERROR BAWebLab2.LibCommon - 
2023-07-28 10:28:14,776 [9] ERROR BAWebLab2.LibCommon - 
2023-07-28 10:28:14,966 [6] ERROR BAWebLab2.LibCommon - 
2023-07-28 10:28:15,135 [8] ERROR BAWebLab2.LibCommon - 
2023-07-28 10:28:15,337 [9] ERROR BAWebLab2.LibCommon - 
2023-07-28 10:28:15,517 [9] ERROR BAWebLab2.LibCommon - 
2023-07-28 10:29:38,300 [28] ERROR BAWebLab2.LibCommon - 
2023-07-28 10:29:38,344 [28] ERROR BAWebLab2.LibCommon - System.FormatException: The input string 'zxz' was not in a correct format.
   at System.Number.ThrowOverflowOrFormatException(ParsingStatus status, ReadOnlySpan`1 value, TypeCode type)
   at System.Int64.Parse(String s)
   at System.Linq.Enumerable.SelectArrayIterator`2.ToList()
   at System.Linq.Enumerable.ToList[TSource](IEnumerable`1 source)
   at BAWebLab2.LibCommon.StringToListLong(String text) in C:\Users\trungnq3\source\repos\BAWebLab2\BAWebLab2.Core\LibCommon\LibCommon.cs:line 55
   at BAWebLab2.Core.Services.ReportVehicleSpeedViolationService.GetIEnumerableAfterJoin(InputSearchList input, Int32 companyID) in C:\Users\trungnq3\source\repos\BAWebLab2\BAWebLab2.Core\Services\ReportVehicleSpeedViolationService.cs:line 184
   at BAWebLab2.Core.Services.ReportVehicleSpeedViolationService.GetListCacheOrDB(InputSearchList input, Int32 companyID, StoreResult`1& storeResult) in C:\Users\trungnq3\source\repos\BAWebLab2\BAWebLab2.Core\Services\ReportVehicleSpeedViolationService.cs:line 164
   at BAWebLab2.Core.Services.ReportVehicleSpeedViolationService.GetDataReport(InputSearchList input, Int32 companyID) in C:\Users\trungnq3\source\repos\BAWebLab2\BAWebLab2.Core\Services\ReportVehicleSpeedViolationService.cs:line 78
