2023-08-09 13:34:55,995 [6] ERROR BAWebLab2.Core.LibCommon.LogHelper - wrong phone
2023-08-09 13:34:56,000 [6] ERROR BAWebLab2.Core.LibCommon.LogHelper - wrong email
2023-08-09 13:34:56,000 [6] ERROR BAWebLab2.Core.LibCommon.LogHelper - user not 18 years old
2023-08-09 13:35:14,400 [6] ERROR BAWebLab2.Core.LibCommon.LogHelper - wrong phone
2023-08-09 13:35:14,400 [6] ERROR BAWebLab2.Core.LibCommon.LogHelper - wrong email
2023-08-09 13:35:14,400 [6] ERROR BAWebLab2.Core.LibCommon.LogHelper - user not 18 years old
2023-08-09 13:35:37,131 [6] ERROR BAWebLab2.Core.LibCommon.LogHelper - wrong phone
2023-08-09 13:35:37,133 [6] ERROR BAWebLab2.Core.LibCommon.LogHelper - wrong email
2023-08-09 13:35:37,133 [6] ERROR BAWebLab2.Core.LibCommon.LogHelper - user not 18 years old
2023-08-09 13:37:56,243 [28] ERROR BAWebLab2.Core.LibCommon.LogHelper - wrong phone
2023-08-09 13:37:56,243 [28] ERROR BAWebLab2.Core.LibCommon.LogHelper - wrong email
2023-08-09 13:37:56,243 [28] ERROR BAWebLab2.Core.LibCommon.LogHelper - user not 18 years old
2023-08-09 14:20:20,196 [3] ERROR BAWebLab2.Core.LibCommon.LogHelper - System.InvalidOperationException: There is already an open DataReader associated with this Connection which must be closed first.
   at Microsoft.Data.SqlClient.SqlInternalConnectionTds.ValidateConnectionForExecute(SqlCommand command)
   at Microsoft.Data.SqlClient.SqlConnection.ValidateConnectionForExecute(String method, SqlCommand command)
   at Microsoft.Data.SqlClient.SqlCommand.ValidateCommand(Boolean isAsync, String method)
   at Microsoft.Data.SqlClient.SqlCommand.RunExecuteReader(CommandBehavior cmdBehavior, RunBehavior runBehavior, Boolean returnStream, TaskCompletionSource`1 completion, Int32 timeout, Task& task, Boolean& usedCache, Boolean asyncWrite, Boolean inRetry, String method)
   at Microsoft.Data.SqlClient.SqlCommand.RunExecuteReader(CommandBehavior cmdBehavior, RunBehavior runBehavior, Boolean returnStream, String method)
   at Microsoft.Data.SqlClient.SqlCommand.ExecuteReader(CommandBehavior behavior)
   at Microsoft.Data.SqlClient.SqlCommand.ExecuteDbDataReader(CommandBehavior behavior)
   at Microsoft.EntityFrameworkCore.Storage.RelationalCommand.ExecuteReader(RelationalCommandParameterObject parameterObject)
   at Microsoft.EntityFrameworkCore.Query.Internal.SingleQueryingEnumerable`1.Enumerator.InitializeReader(Enumerator enumerator)
   at Microsoft.EntityFrameworkCore.Query.Internal.SingleQueryingEnumerable`1.Enumerator.<>c.<MoveNext>b__21_0(DbContext _, Enumerator enumerator)
   at Microsoft.EntityFrameworkCore.SqlServer.Storage.Internal.SqlServerExecutionStrategy.Execute[TState,TResult](TState state, Func`3 operation, Func`3 verifySucceeded)
   at Microsoft.EntityFrameworkCore.Query.Internal.SingleQueryingEnumerable`1.Enumerator.MoveNext()
   at System.Linq.Enumerable.SelectEnumerableIterator`2.ToArray()
   at System.Linq.Enumerable.ToArray[TSource](IEnumerable`1 source)
   at CachingFramework.Redis.RedisObjects.RedisSortedSet`1.AddRange(IEnumerable`1 members, When when)
   at BAWebLab2.Core.LibCommon.CacheRedisHelper.AddEnumerableToSortedSet[T](String key, IEnumerable`1 data, TimeSpan time)
   at BAWebLab2.Core.Services.ReportVehicleSpeedViolationService.GetReportActivityGroup(InputSearchList input, List`1 arrVehicle, Int32 companyID) in C:\Users\trungnq3\source\repos\BAWebLab2\BAWebLab2.Core\Services\ReportVehicleSpeedViolationService.cs:line 256
   at BAWebLab2.Core.Services.ReportVehicleSpeedViolationService.GetIEnumerableAfterJoin(InputSearchList input, Int32 companyID) in C:\Users\trungnq3\source\repos\BAWebLab2\BAWebLab2.Core\Services\ReportVehicleSpeedViolationService.cs:line 202
   at BAWebLab2.Core.Services.ReportVehicleSpeedViolationService.GetListCacheOrDB(InputSearchList input, Int32 companyID, StoreResult`1& storeResult) in C:\Users\trungnq3\source\repos\BAWebLab2\BAWebLab2.Core\Services\ReportVehicleSpeedViolationService.cs:line 175
   at BAWebLab2.Core.Services.ReportVehicleSpeedViolationService.GetDataReport(InputSearchList input, Int32 companyID) in C:\Users\trungnq3\source\repos\BAWebLab2\BAWebLab2.Core\Services\ReportVehicleSpeedViolationService.cs:line 95
2023-08-09 16:22:42,996 [8] ERROR BAWebLab2.Core.LibCommon.LogHelper - wrong phone
2023-08-09 16:22:43,001 [8] ERROR BAWebLab2.Core.LibCommon.LogHelper - wrong email
2023-08-09 16:22:43,001 [8] ERROR BAWebLab2.Core.LibCommon.LogHelper - user not 18 years old
2023-08-09 16:23:06,980 [17] ERROR BAWebLab2.Core.LibCommon.LogHelper - wrong phone
2023-08-09 16:23:06,980 [17] ERROR BAWebLab2.Core.LibCommon.LogHelper - wrong email
2023-08-09 16:23:06,980 [17] ERROR BAWebLab2.Core.LibCommon.LogHelper - user not 18 years old
2023-08-09 16:23:06,980 [17] ERROR BAWebLab2.Core.LibCommon.LogHelper - error format Password
2023-08-09 16:23:19,940 [17] ERROR BAWebLab2.Core.LibCommon.LogHelper - wrong phone
2023-08-09 16:23:19,940 [17] ERROR BAWebLab2.Core.LibCommon.LogHelper - wrong email
2023-08-09 16:23:19,940 [17] ERROR BAWebLab2.Core.LibCommon.LogHelper - user not 18 years old
2023-08-09 16:23:19,940 [17] ERROR BAWebLab2.Core.LibCommon.LogHelper - empty Password
2023-08-09 16:23:28,036 [18] ERROR BAWebLab2.Core.LibCommon.LogHelper - wrong phone
2023-08-09 16:23:28,036 [18] ERROR BAWebLab2.Core.LibCommon.LogHelper - wrong email
2023-08-09 16:23:28,036 [18] ERROR BAWebLab2.Core.LibCommon.LogHelper - user not 18 years old
2023-08-09 16:23:28,036 [18] ERROR BAWebLab2.Core.LibCommon.LogHelper - empty Password
2023-08-09 16:23:38,686 [19] ERROR BAWebLab2.Core.LibCommon.LogHelper - wrong phone
2023-08-09 16:23:38,686 [19] ERROR BAWebLab2.Core.LibCommon.LogHelper - wrong email
2023-08-09 16:23:38,686 [19] ERROR BAWebLab2.Core.LibCommon.LogHelper - user not 18 years old
2023-08-09 16:23:38,686 [19] ERROR BAWebLab2.Core.LibCommon.LogHelper - empty Password
2023-08-09 16:37:14,323 [8] ERROR BAWebLab2.Core.LibCommon.LogHelper - error format Phone
2023-08-09 16:37:14,328 [8] ERROR BAWebLab2.Core.LibCommon.LogHelper - error format email
2023-08-09 16:37:14,328 [8] ERROR BAWebLab2.Core.LibCommon.LogHelper - user not 18 years old
2023-08-09 16:37:37,946 [18] ERROR BAWebLab2.Core.LibCommon.LogHelper - empty Phone
2023-08-09 16:37:37,946 [18] ERROR BAWebLab2.Core.LibCommon.LogHelper - error format email
2023-08-09 16:37:37,946 [18] ERROR BAWebLab2.Core.LibCommon.LogHelper - null birthday
2023-08-09 16:38:00,378 [3] ERROR BAWebLab2.Core.LibCommon.LogHelper - empty Phone
2023-08-09 16:38:00,378 [3] ERROR BAWebLab2.Core.LibCommon.LogHelper - error format email
2023-08-09 16:38:00,378 [3] ERROR BAWebLab2.Core.LibCommon.LogHelper - null birthday
2023-08-09 16:38:00,378 [3] ERROR BAWebLab2.Core.LibCommon.LogHelper - error format Password
2023-08-09 16:39:20,098 [22] ERROR BAWebLab2.Core.LibCommon.LogHelper - error format Phone
2023-08-09 16:39:20,098 [22] ERROR BAWebLab2.Core.LibCommon.LogHelper - error format email
2023-08-09 16:39:20,098 [22] ERROR BAWebLab2.Core.LibCommon.LogHelper - user not 18 years old
2023-08-09 17:16:36,140 [34] ERROR BAWebLab2.Core.LibCommon.LogHelper - error format header CompanyID
2023-08-09 17:19:44,720 [34] ERROR BAWebLab2.Core.LibCommon.LogHelper - System.FormatException: The input string 'string' was not in a correct format.
   at System.Number.ThrowOverflowOrFormatException(ParsingStatus status, ReadOnlySpan`1 value, TypeCode type)
   at System.Int64.Parse(String s)
   at System.Linq.Enumerable.SelectArrayIterator`2.ToList()
   at System.Linq.Enumerable.ToList[TSource](IEnumerable`1 source)
   at BAWebLab2.Core.LibCommon.FormatDataHelper.StringToListLong(String text) in C:\Users\trungnq3\source\repos\BAWebLab2\BAWebLab2.Core\Helper\FormatDataHelper.cs:line 102
   at BAWebLab2.Core.Services.ReportVehicleSpeedViolationService.GetIEnumerableAfterJoin(InputSearchList input, Int32 companyID) in C:\Users\trungnq3\source\repos\BAWebLab2\BAWebLab2.Core\Services\ReportVehicleSpeedViolationService.cs:line 196
   at BAWebLab2.Core.Services.ReportVehicleSpeedViolationService.GetListCacheOrDB(InputSearchList input, Int32 companyID, StoreResult`1& storeResult) in C:\Users\trungnq3\source\repos\BAWebLab2\BAWebLab2.Core\Services\ReportVehicleSpeedViolationService.cs:line 175
   at BAWebLab2.Core.Services.ReportVehicleSpeedViolationService.GetDataReport(InputSearchList input, Int32 companyID) in C:\Users\trungnq3\source\repos\BAWebLab2\BAWebLab2.Core\Services\ReportVehicleSpeedViolationService.cs:line 95
2023-08-09 17:22:55,432 [4] ERROR BAWebLab2.Core.LibCommon.LogHelper - System.FormatException: The input string 'string' was not in a correct format.
   at System.Number.ThrowOverflowOrFormatException(ParsingStatus status, ReadOnlySpan`1 value, TypeCode type)
   at System.Int64.Parse(String s)
   at System.Linq.Enumerable.SelectArrayIterator`2.ToList()
   at System.Linq.Enumerable.ToList[TSource](IEnumerable`1 source)
   at BAWebLab2.Core.LibCommon.FormatDataHelper.StringToListLong(String text) in C:\Users\trungnq3\source\repos\BAWebLab2\BAWebLab2.Core\Helper\FormatDataHelper.cs:line 102
   at BAWebLab2.Core.Services.ReportVehicleSpeedViolationService.GetIEnumerableAfterJoin(InputSearchList input, Int32 companyID) in C:\Users\trungnq3\source\repos\BAWebLab2\BAWebLab2.Core\Services\ReportVehicleSpeedViolationService.cs:line 196
   at BAWebLab2.Core.Services.ReportVehicleSpeedViolationService.GetListCacheOrDB(InputSearchList input, Int32 companyID, StoreResult`1& storeResult) in C:\Users\trungnq3\source\repos\BAWebLab2\BAWebLab2.Core\Services\ReportVehicleSpeedViolationService.cs:line 175
   at BAWebLab2.Core.Services.ReportVehicleSpeedViolationService.GetDataReport(InputSearchList input, Int32 companyID) in C:\Users\trungnq3\source\repos\BAWebLab2\BAWebLab2.Core\Services\ReportVehicleSpeedViolationService.cs:line 95
2023-08-09 17:51:12,250 [8] ERROR BAWebLab2.Core.LibCommon.LogHelper - error format header CompanyID
