2023-07-26 16:44:09,262 [6] ERROR BAWebLab2.Core.Services.ReportVehicleSpeedViolationService - System.FormatException: The input string '' was not in a correct format.
   at System.Number.ThrowOverflowOrFormatException(ParsingStatus status, ReadOnlySpan`1 value, TypeCode type)
   at System.Int64.Parse(String s)
   at System.Linq.Enumerable.SelectArrayIterator`2.ToList()
   at System.Linq.Enumerable.ToList[TSource](IEnumerable`1 source)
   at BAWebLab2.Core.Services.ReportVehicleSpeedViolationService.GetIEnumerableCacheOrDB(InputSearchList input, Int32 companyID) in C:\Users\trungnq3\source\repos\BAWebLab2\BAWebLab2.Core\Services\ReportVehicleSpeedViolationService.cs:line 142
   at BAWebLab2.Core.Services.ReportVehicleSpeedViolationService.GetDataReport(InputSearchList input, Int32 companyID) in C:\Users\trungnq3\source\repos\BAWebLab2\BAWebLab2.Core\Services\ReportVehicleSpeedViolationService.cs:line 95
2023-07-26 16:45:34,186 [14] ERROR BAWebLab2.Core.Services.ReportVehicleSpeedViolationService - System.FormatException: The input string '' was not in a correct format.
   at System.Number.ThrowOverflowOrFormatException(ParsingStatus status, ReadOnlySpan`1 value, TypeCode type)
   at System.Int64.Parse(String s)
   at System.Linq.Enumerable.SelectArrayIterator`2.ToList()
   at System.Linq.Enumerable.ToList[TSource](IEnumerable`1 source)
   at BAWebLab2.Core.Services.ReportVehicleSpeedViolationService.GetIEnumerableCacheOrDB(InputSearchList input, Int32 companyID) in C:\Users\trungnq3\source\repos\BAWebLab2\BAWebLab2.Core\Services\ReportVehicleSpeedViolationService.cs:line 142
   at BAWebLab2.Core.Services.ReportVehicleSpeedViolationService.GetDataReport(InputSearchList input, Int32 companyID) in C:\Users\trungnq3\source\repos\BAWebLab2\BAWebLab2.Core\Services\ReportVehicleSpeedViolationService.cs:line 95
2023-07-26 17:11:33,648 [6] ERROR BAWebLab2.Core.Services.ReportVehicleSpeedViolationService - System.ArgumentException: The specified endpoint is not defined (Parameter 'endpoint')
   at StackExchange.Redis.ConnectionMultiplexer.GetServer(EndPoint endpoint, Object asyncState) in /_/src/StackExchange.Redis/ConnectionMultiplexer.cs:line 1128
   at StackExchange.Redis.ConnectionMultiplexer.GetServer(String host, Int32 port, Object asyncState) in /_/src/StackExchange.Redis/ConnectionMultiplexer.cs:line 1097
   at BAWebLab2.Core.Services.ReportVehicleSpeedViolationService.GetAllkeys() in C:\Users\trungnq3\source\repos\BAWebLab2\BAWebLab2.Core\Services\ReportVehicleSpeedViolationService.cs:line 146
   at BAWebLab2.Core.Services.ReportVehicleSpeedViolationService.GetDataReport(InputSearchList input, Int32 companyID) in C:\Users\trungnq3\source\repos\BAWebLab2\BAWebLab2.Core\Services\ReportVehicleSpeedViolationService.cs:line 96
2023-07-26 17:12:36,445 [13] WARN  BAWebLab2.Core.Services.ReportVehicleSpeedViolationService - System.Collections.Generic.List`1[System.String]
2023-07-26 17:12:42,114 [4] WARN  BAWebLab2.Core.Services.ReportVehicleSpeedViolationService - System.Collections.Generic.List`1[System.String]
2023-07-26 17:12:42,622 [9] WARN  BAWebLab2.Core.Services.ReportVehicleSpeedViolationService - System.Collections.Generic.List`1[System.String]
2023-07-26 17:12:43,049 [9] WARN  BAWebLab2.Core.Services.ReportVehicleSpeedViolationService - System.Collections.Generic.List`1[System.String]
2023-07-26 17:12:43,513 [4] WARN  BAWebLab2.Core.Services.ReportVehicleSpeedViolationService - System.Collections.Generic.List`1[System.String]
2023-07-26 17:13:01,065 [4] WARN  BAWebLab2.Core.Services.ReportVehicleSpeedViolationService - System.Collections.Generic.List`1[System.String]
2023-07-26 17:13:02,657 [13] WARN  BAWebLab2.Core.Services.ReportVehicleSpeedViolationService - System.Collections.Generic.List`1[System.String]
2023-07-26 17:13:03,770 [13] WARN  BAWebLab2.Core.Services.ReportVehicleSpeedViolationService - System.Collections.Generic.List`1[System.String]
2023-07-26 17:13:03,928 [9] WARN  BAWebLab2.Core.Services.ReportVehicleSpeedViolationService - System.Collections.Generic.List`1[System.String]
2023-07-26 17:13:04,071 [9] WARN  BAWebLab2.Core.Services.ReportVehicleSpeedViolationService - System.Collections.Generic.List`1[System.String]
2023-07-26 17:13:04,391 [6] WARN  BAWebLab2.Core.Services.ReportVehicleSpeedViolationService - System.Collections.Generic.List`1[System.String]
2023-07-26 17:14:19,766 [4] WARN  BAWebLab2.Core.Services.ReportVehicleSpeedViolationService - System.Collections.Generic.List`1[System.String]
2023-07-26 17:15:07,808 [32] WARN  BAWebLab2.Core.Services.ReportVehicleSpeedViolationService - System.Collections.Generic.List`1[System.String]
2023-07-26 17:17:19,216 [4] WARN  BAWebLab2.Core.Services.ReportVehicleSpeedViolationService - System.Collections.Generic.List`1[System.String]
2023-07-26 17:17:23,928 [34] WARN  BAWebLab2.Core.Services.ReportVehicleSpeedViolationService - System.Collections.Generic.List`1[System.String]
2023-07-26 17:17:26,021 [4] WARN  BAWebLab2.Core.Services.ReportVehicleSpeedViolationService - System.Collections.Generic.List`1[System.String]
2023-07-26 17:17:26,189 [35] WARN  BAWebLab2.Core.Services.ReportVehicleSpeedViolationService - System.Collections.Generic.List`1[System.String]
2023-07-26 17:17:26,356 [35] WARN  BAWebLab2.Core.Services.ReportVehicleSpeedViolationService - System.Collections.Generic.List`1[System.String]
2023-07-26 17:17:26,510 [35] WARN  BAWebLab2.Core.Services.ReportVehicleSpeedViolationService - System.Collections.Generic.List`1[System.String]
2023-07-26 17:17:26,643 [34] WARN  BAWebLab2.Core.Services.ReportVehicleSpeedViolationService - System.Collections.Generic.List`1[System.String]
2023-07-26 17:17:26,836 [34] WARN  BAWebLab2.Core.Services.ReportVehicleSpeedViolationService - System.Collections.Generic.List`1[System.String]
2023-07-26 17:17:26,989 [34] WARN  BAWebLab2.Core.Services.ReportVehicleSpeedViolationService - System.Collections.Generic.List`1[System.String]
2023-07-26 17:17:27,157 [4] WARN  BAWebLab2.Core.Services.ReportVehicleSpeedViolationService - System.Collections.Generic.List`1[System.String]
2023-07-26 17:17:27,328 [35] WARN  BAWebLab2.Core.Services.ReportVehicleSpeedViolationService - System.Collections.Generic.List`1[System.String]
2023-07-26 17:17:27,476 [34] WARN  BAWebLab2.Core.Services.ReportVehicleSpeedViolationService - System.Collections.Generic.List`1[System.String]
2023-07-26 17:17:27,800 [4] WARN  BAWebLab2.Core.Services.ReportVehicleSpeedViolationService - System.Collections.Generic.List`1[System.String]
2023-07-26 17:17:28,117 [4] WARN  BAWebLab2.Core.Services.ReportVehicleSpeedViolationService - System.Collections.Generic.List`1[System.String]
2023-07-26 17:17:28,292 [34] WARN  BAWebLab2.Core.Services.ReportVehicleSpeedViolationService - System.Collections.Generic.List`1[System.String]
2023-07-26 17:17:28,444 [34] WARN  BAWebLab2.Core.Services.ReportVehicleSpeedViolationService - System.Collections.Generic.List`1[System.String]
2023-07-26 17:17:28,613 [35] WARN  BAWebLab2.Core.Services.ReportVehicleSpeedViolationService - System.Collections.Generic.List`1[System.String]
2023-07-26 17:17:28,780 [35] WARN  BAWebLab2.Core.Services.ReportVehicleSpeedViolationService - System.Collections.Generic.List`1[System.String]
2023-07-26 17:17:28,958 [4] WARN  BAWebLab2.Core.Services.ReportVehicleSpeedViolationService - System.Collections.Generic.List`1[System.String]
2023-07-26 17:17:29,255 [4] WARN  BAWebLab2.Core.Services.ReportVehicleSpeedViolationService - System.Collections.Generic.List`1[System.String]
2023-07-26 17:17:29,419 [34] WARN  BAWebLab2.Core.Services.ReportVehicleSpeedViolationService - System.Collections.Generic.List`1[System.String]
2023-07-26 17:17:29,587 [34] WARN  BAWebLab2.Core.Services.ReportVehicleSpeedViolationService - System.Collections.Generic.List`1[System.String]
2023-07-26 17:17:29,761 [34] WARN  BAWebLab2.Core.Services.ReportVehicleSpeedViolationService - System.Collections.Generic.List`1[System.String]
2023-07-26 17:17:29,938 [35] WARN  BAWebLab2.Core.Services.ReportVehicleSpeedViolationService - System.Collections.Generic.List`1[System.String]
2023-07-26 17:17:33,219 [29] WARN  BAWebLab2.Core.Services.ReportVehicleSpeedViolationService - System.Collections.Generic.List`1[System.String]
2023-07-26 17:17:33,386 [35] WARN  BAWebLab2.Core.Services.ReportVehicleSpeedViolationService - System.Collections.Generic.List`1[System.String]
2023-07-26 17:17:33,554 [35] WARN  BAWebLab2.Core.Services.ReportVehicleSpeedViolationService - System.Collections.Generic.List`1[System.String]
2023-07-26 17:17:33,699 [34] WARN  BAWebLab2.Core.Services.ReportVehicleSpeedViolationService - System.Collections.Generic.List`1[System.String]
2023-07-26 17:17:33,875 [4] WARN  BAWebLab2.Core.Services.ReportVehicleSpeedViolationService - System.Collections.Generic.List`1[System.String]
2023-07-26 17:17:34,036 [35] WARN  BAWebLab2.Core.Services.ReportVehicleSpeedViolationService - System.Collections.Generic.List`1[System.String]
2023-07-26 17:17:34,196 [34] WARN  BAWebLab2.Core.Services.ReportVehicleSpeedViolationService - System.Collections.Generic.List`1[System.String]
2023-07-26 17:17:34,362 [35] WARN  BAWebLab2.Core.Services.ReportVehicleSpeedViolationService - System.Collections.Generic.List`1[System.String]
2023-07-26 17:17:34,530 [35] WARN  BAWebLab2.Core.Services.ReportVehicleSpeedViolationService - System.Collections.Generic.List`1[System.String]
2023-07-26 17:17:34,698 [35] WARN  BAWebLab2.Core.Services.ReportVehicleSpeedViolationService - System.Collections.Generic.List`1[System.String]
2023-07-26 17:17:34,860 [35] WARN  BAWebLab2.Core.Services.ReportVehicleSpeedViolationService - System.Collections.Generic.List`1[System.String]
2023-07-26 17:17:35,026 [35] WARN  BAWebLab2.Core.Services.ReportVehicleSpeedViolationService - System.Collections.Generic.List`1[System.String]
2023-07-26 17:17:35,196 [34] WARN  BAWebLab2.Core.Services.ReportVehicleSpeedViolationService - System.Collections.Generic.List`1[System.String]
2023-07-26 17:17:35,355 [35] WARN  BAWebLab2.Core.Services.ReportVehicleSpeedViolationService - System.Collections.Generic.List`1[System.String]
2023-07-26 17:17:35,530 [35] WARN  BAWebLab2.Core.Services.ReportVehicleSpeedViolationService - System.Collections.Generic.List`1[System.String]
2023-07-26 17:17:35,722 [4] WARN  BAWebLab2.Core.Services.ReportVehicleSpeedViolationService - System.Collections.Generic.List`1[System.String]
2023-07-26 17:17:35,908 [35] WARN  BAWebLab2.Core.Services.ReportVehicleSpeedViolationService - System.Collections.Generic.List`1[System.String]
2023-07-26 17:17:36,076 [35] WARN  BAWebLab2.Core.Services.ReportVehicleSpeedViolationService - System.Collections.Generic.List`1[System.String]
2023-07-26 17:17:36,244 [4] WARN  BAWebLab2.Core.Services.ReportVehicleSpeedViolationService - System.Collections.Generic.List`1[System.String]
2023-07-26 17:17:36,436 [35] WARN  BAWebLab2.Core.Services.ReportVehicleSpeedViolationService - System.Collections.Generic.List`1[System.String]
2023-07-26 17:17:36,557 [34] WARN  BAWebLab2.Core.Services.ReportVehicleSpeedViolationService - System.Collections.Generic.List`1[System.String]
2023-07-26 17:17:36,747 [35] WARN  BAWebLab2.Core.Services.ReportVehicleSpeedViolationService - System.Collections.Generic.List`1[System.String]
2023-07-26 17:17:36,899 [4] WARN  BAWebLab2.Core.Services.ReportVehicleSpeedViolationService - System.Collections.Generic.List`1[System.String]
2023-07-26 17:17:37,076 [35] WARN  BAWebLab2.Core.Services.ReportVehicleSpeedViolationService - System.Collections.Generic.List`1[System.String]
2023-07-26 17:17:39,291 [34] WARN  BAWebLab2.Core.Services.ReportVehicleSpeedViolationService - System.Collections.Generic.List`1[System.String]
2023-07-26 17:17:39,466 [34] WARN  BAWebLab2.Core.Services.ReportVehicleSpeedViolationService - System.Collections.Generic.List`1[System.String]
2023-07-26 17:17:39,628 [35] WARN  BAWebLab2.Core.Services.ReportVehicleSpeedViolationService - System.Collections.Generic.List`1[System.String]
2023-07-26 17:17:39,794 [4] WARN  BAWebLab2.Core.Services.ReportVehicleSpeedViolationService - System.Collections.Generic.List`1[System.String]
2023-07-26 17:17:39,963 [34] WARN  BAWebLab2.Core.Services.ReportVehicleSpeedViolationService - System.Collections.Generic.List`1[System.String]
2023-07-26 17:17:40,132 [35] WARN  BAWebLab2.Core.Services.ReportVehicleSpeedViolationService - System.Collections.Generic.List`1[System.String]
2023-07-26 17:17:40,307 [4] WARN  BAWebLab2.Core.Services.ReportVehicleSpeedViolationService - System.Collections.Generic.List`1[System.String]
2023-07-26 17:17:40,474 [34] WARN  BAWebLab2.Core.Services.ReportVehicleSpeedViolationService - System.Collections.Generic.List`1[System.String]
2023-07-26 17:17:40,644 [35] WARN  BAWebLab2.Core.Services.ReportVehicleSpeedViolationService - System.Collections.Generic.List`1[System.String]
2023-07-26 17:17:40,811 [35] WARN  BAWebLab2.Core.Services.ReportVehicleSpeedViolationService - System.Collections.Generic.List`1[System.String]
2023-07-26 17:17:40,980 [34] WARN  BAWebLab2.Core.Services.ReportVehicleSpeedViolationService - System.Collections.Generic.List`1[System.String]
2023-07-26 17:17:41,138 [15] WARN  BAWebLab2.Core.Services.ReportVehicleSpeedViolationService - System.Collections.Generic.List`1[System.String]
2023-07-26 17:17:41,299 [15] WARN  BAWebLab2.Core.Services.ReportVehicleSpeedViolationService - System.Collections.Generic.List`1[System.String]
2023-07-26 17:17:41,482 [15] WARN  BAWebLab2.Core.Services.ReportVehicleSpeedViolationService - System.Collections.Generic.List`1[System.String]
2023-07-26 17:17:41,659 [15] WARN  BAWebLab2.Core.Services.ReportVehicleSpeedViolationService - System.Collections.Generic.List`1[System.String]
2023-07-26 17:17:41,826 [15] WARN  BAWebLab2.Core.Services.ReportVehicleSpeedViolationService - System.Collections.Generic.List`1[System.String]
2023-07-26 17:17:42,011 [35] WARN  BAWebLab2.Core.Services.ReportVehicleSpeedViolationService - System.Collections.Generic.List`1[System.String]
2023-07-26 17:17:42,170 [34] WARN  BAWebLab2.Core.Services.ReportVehicleSpeedViolationService - System.Collections.Generic.List`1[System.String]
2023-07-26 17:17:42,338 [34] WARN  BAWebLab2.Core.Services.ReportVehicleSpeedViolationService - System.Collections.Generic.List`1[System.String]
2023-07-26 17:17:42,537 [34] WARN  BAWebLab2.Core.Services.ReportVehicleSpeedViolationService - System.Collections.Generic.List`1[System.String]
2023-07-26 17:17:42,706 [34] WARN  BAWebLab2.Core.Services.ReportVehicleSpeedViolationService - System.Collections.Generic.List`1[System.String]
2023-07-26 17:17:42,892 [35] WARN  BAWebLab2.Core.Services.ReportVehicleSpeedViolationService - System.Collections.Generic.List`1[System.String]
2023-07-26 17:17:45,455 [30] WARN  BAWebLab2.Core.Services.ReportVehicleSpeedViolationService - System.Collections.Generic.List`1[System.String]
2023-07-26 17:17:47,660 [35] WARN  BAWebLab2.Core.Services.ReportVehicleSpeedViolationService - System.Collections.Generic.List`1[System.String]
2023-07-26 17:17:47,827 [4] WARN  BAWebLab2.Core.Services.ReportVehicleSpeedViolationService - System.Collections.Generic.List`1[System.String]
2023-07-26 17:17:48,002 [4] WARN  BAWebLab2.Core.Services.ReportVehicleSpeedViolationService - System.Collections.Generic.List`1[System.String]
2023-07-26 17:17:48,170 [34] WARN  BAWebLab2.Core.Services.ReportVehicleSpeedViolationService - System.Collections.Generic.List`1[System.String]
2023-07-26 17:17:48,349 [34] WARN  BAWebLab2.Core.Services.ReportVehicleSpeedViolationService - System.Collections.Generic.List`1[System.String]
2023-07-26 17:17:48,523 [34] WARN  BAWebLab2.Core.Services.ReportVehicleSpeedViolationService - System.Collections.Generic.List`1[System.String]
2023-07-26 17:17:48,691 [35] WARN  BAWebLab2.Core.Services.ReportVehicleSpeedViolationService - System.Collections.Generic.List`1[System.String]
2023-07-26 17:17:48,859 [4] WARN  BAWebLab2.Core.Services.ReportVehicleSpeedViolationService - System.Collections.Generic.List`1[System.String]
2023-07-26 17:17:49,034 [4] WARN  BAWebLab2.Core.Services.ReportVehicleSpeedViolationService - System.Collections.Generic.List`1[System.String]
2023-07-26 17:17:49,202 [4] WARN  BAWebLab2.Core.Services.ReportVehicleSpeedViolationService - System.Collections.Generic.List`1[System.String]
2023-07-26 17:17:49,379 [4] WARN  BAWebLab2.Core.Services.ReportVehicleSpeedViolationService - System.Collections.Generic.List`1[System.String]
2023-07-26 17:17:49,547 [4] WARN  BAWebLab2.Core.Services.ReportVehicleSpeedViolationService - System.Collections.Generic.List`1[System.String]
2023-07-26 17:17:49,723 [35] WARN  BAWebLab2.Core.Services.ReportVehicleSpeedViolationService - System.Collections.Generic.List`1[System.String]
2023-07-26 17:17:52,807 [34] WARN  BAWebLab2.Core.Services.ReportVehicleSpeedViolationService - System.Collections.Generic.List`1[System.String]
2023-07-26 17:17:52,996 [4] WARN  BAWebLab2.Core.Services.ReportVehicleSpeedViolationService - System.Collections.Generic.List`1[System.String]
2023-07-26 17:17:53,154 [31] WARN  BAWebLab2.Core.Services.ReportVehicleSpeedViolationService - System.Collections.Generic.List`1[System.String]
2023-07-26 17:17:53,324 [31] WARN  BAWebLab2.Core.Services.ReportVehicleSpeedViolationService - System.Collections.Generic.List`1[System.String]
2023-07-26 17:17:53,498 [4] WARN  BAWebLab2.Core.Services.ReportVehicleSpeedViolationService - System.Collections.Generic.List`1[System.String]
2023-07-26 17:17:53,667 [4] WARN  BAWebLab2.Core.Services.ReportVehicleSpeedViolationService - System.Collections.Generic.List`1[System.String]
2023-07-26 17:17:53,836 [34] WARN  BAWebLab2.Core.Services.ReportVehicleSpeedViolationService - System.Collections.Generic.List`1[System.String]
2023-07-26 17:17:54,003 [34] WARN  BAWebLab2.Core.Services.ReportVehicleSpeedViolationService - System.Collections.Generic.List`1[System.String]
2023-07-26 17:17:54,361 [34] WARN  BAWebLab2.Core.Services.ReportVehicleSpeedViolationService - System.Collections.Generic.List`1[System.String]
2023-07-26 17:17:54,555 [35] WARN  BAWebLab2.Core.Services.ReportVehicleSpeedViolationService - System.Collections.Generic.List`1[System.String]
2023-07-26 17:17:57,092 [34] WARN  BAWebLab2.Core.Services.ReportVehicleSpeedViolationService - System.Collections.Generic.List`1[System.String]
2023-07-26 17:17:57,252 [35] WARN  BAWebLab2.Core.Services.ReportVehicleSpeedViolationService - System.Collections.Generic.List`1[System.String]
2023-07-26 17:17:57,426 [4] WARN  BAWebLab2.Core.Services.ReportVehicleSpeedViolationService - System.Collections.Generic.List`1[System.String]
2023-07-26 17:17:57,602 [35] WARN  BAWebLab2.Core.Services.ReportVehicleSpeedViolationService - System.Collections.Generic.List`1[System.String]
2023-07-26 17:17:57,771 [4] WARN  BAWebLab2.Core.Services.ReportVehicleSpeedViolationService - System.Collections.Generic.List`1[System.String]
2023-07-26 17:17:57,940 [35] WARN  BAWebLab2.Core.Services.ReportVehicleSpeedViolationService - System.Collections.Generic.List`1[System.String]
2023-07-26 17:17:58,108 [35] WARN  BAWebLab2.Core.Services.ReportVehicleSpeedViolationService - System.Collections.Generic.List`1[System.String]
2023-07-26 17:17:58,275 [4] WARN  BAWebLab2.Core.Services.ReportVehicleSpeedViolationService - System.Collections.Generic.List`1[System.String]
2023-07-26 17:17:58,443 [4] WARN  BAWebLab2.Core.Services.ReportVehicleSpeedViolationService - System.Collections.Generic.List`1[System.String]
2023-07-26 17:17:58,617 [35] WARN  BAWebLab2.Core.Services.ReportVehicleSpeedViolationService - System.Collections.Generic.List`1[System.String]
2023-07-26 17:17:58,803 [35] WARN  BAWebLab2.Core.Services.ReportVehicleSpeedViolationService - System.Collections.Generic.List`1[System.String]
2023-07-26 17:17:58,956 [4] WARN  BAWebLab2.Core.Services.ReportVehicleSpeedViolationService - System.Collections.Generic.List`1[System.String]
2023-07-26 17:17:59,140 [34] WARN  BAWebLab2.Core.Services.ReportVehicleSpeedViolationService - System.Collections.Generic.List`1[System.String]
2023-07-26 17:47:04,359 [13] WARN  BAWebLab2.Core.Services.ReportVehicleSpeedViolationService - System.Collections.Generic.List`1[System.String]
2023-07-26 17:47:08,205 [6] WARN  BAWebLab2.Core.Services.ReportVehicleSpeedViolationService - System.Collections.Generic.List`1[System.String]
2023-07-26 17:47:36,313 [4] WARN  BAWebLab2.Core.Services.ReportVehicleSpeedViolationService - System.Collections.Generic.List`1[System.String]
2023-07-26 17:47:37,314 [4] WARN  BAWebLab2.Core.Services.ReportVehicleSpeedViolationService - System.Collections.Generic.List`1[System.String]
2023-07-26 17:47:37,480 [6] WARN  BAWebLab2.Core.Services.ReportVehicleSpeedViolationService - System.Collections.Generic.List`1[System.String]
2023-07-26 17:47:40,451 [9] WARN  BAWebLab2.Core.Services.ReportVehicleSpeedViolationService - System.Collections.Generic.List`1[System.String]
2023-07-26 17:50:36,087 [3] WARN  BAWebLab2.Core.Services.ReportVehicleSpeedViolationService - System.Collections.Generic.List`1[System.String]
2023-07-26 17:50:46,025 [3] WARN  BAWebLab2.Core.Services.ReportVehicleSpeedViolationService - System.Collections.Generic.List`1[System.String]
2023-07-26 18:08:55,896 [15] WARN  BAWebLab2.Core.Services.ReportVehicleSpeedViolationService - System.Collections.Generic.List`1[System.String]
2023-07-26 18:08:57,063 [15] WARN  BAWebLab2.Core.Services.ReportVehicleSpeedViolationService - System.Collections.Generic.List`1[System.String]
