2023-08-08 08:09:37,521 [15] ERROR BAWebLab2.Core.LibCommon.LogHelper - System.NullReferenceException: Object reference not set to an instance of an object.
   at BAWebLab2.Controllers.ReportVehicleSpeedViolationController.GetVehicles() in C:\Users\trungnq3\source\repos\BAWebLab2\BAWebLab2\Controllers\ReportVehicleSpeedViolationController.cs:line 61
2023-08-08 08:29:45,041 [35] ERROR BAWebLab2.Core.LibCommon.LogHelper - Null DayFrom input
2023-08-08 08:30:26,409 [4] ERROR BAWebLab2.Core.LibCommon.LogHelper - Null DayFrom input
2023-08-08 08:30:26,414 [4] ERROR BAWebLab2.Core.LibCommon.LogHelper - Null DayTo input
2023-08-08 10:33:46,943 [6] ERROR BAWebLab2.Core.LibCommon.LogHelper - wrong userid
2023-08-08 10:34:15,980 [8] ERROR BAWebLab2.Core.LibCommon.LogHelper - wrong Menuid
2023-08-08 10:37:46,827 [24] ERROR BAWebLab2.Core.LibCommon.LogHelper - wrong username
2023-08-08 10:37:46,827 [24] ERROR BAWebLab2.Core.LibCommon.LogHelper - wrong phone
2023-08-08 10:37:46,828 [24] ERROR BAWebLab2.Core.LibCommon.LogHelper - wrong email
2023-08-08 10:37:46,828 [24] ERROR BAWebLab2.Core.LibCommon.LogHelper - user not 18 years old
2023-08-08 10:37:46,828 [24] ERROR BAWebLab2.Core.LibCommon.LogHelper - wrong Password
2023-08-08 10:37:46,828 [24] ERROR BAWebLab2.Core.LibCommon.LogHelper - null FullName
2023-08-08 10:39:55,427 [34] ERROR BAWebLab2.Core.LibCommon.LogHelper - Microsoft.Data.SqlClient.SqlException (0x80131904): Invalid object name 'Vehicle.Vehicles'.
   at Microsoft.Data.SqlClient.SqlConnection.OnError(SqlException exception, Boolean breakConnection, Action`1 wrapCloseInAction)
   at Microsoft.Data.SqlClient.SqlInternalConnection.OnError(SqlException exception, Boolean breakConnection, Action`1 wrapCloseInAction)
   at Microsoft.Data.SqlClient.TdsParser.ThrowExceptionAndWarning(TdsParserStateObject stateObj, Boolean callerHasConnectionLock, Boolean asyncClose)
   at Microsoft.Data.SqlClient.TdsParser.TryRun(RunBehavior runBehavior, SqlCommand cmdHandler, SqlDataReader dataStream, BulkCopySimpleResultSet bulkCopyHandler, TdsParserStateObject stateObj, Boolean& dataReady)
   at Microsoft.Data.SqlClient.SqlDataReader.TryConsumeMetaData()
   at Microsoft.Data.SqlClient.SqlDataReader.get_MetaData()
   at Microsoft.Data.SqlClient.SqlCommand.FinishExecuteReader(SqlDataReader ds, RunBehavior runBehavior, String resetOptionsString, Boolean isInternal, Boolean forDescribeParameterEncryption, Boolean shouldCacheForAlwaysEncrypted)
   at Microsoft.Data.SqlClient.SqlCommand.RunExecuteReaderTds(CommandBehavior cmdBehavior, RunBehavior runBehavior, Boolean returnStream, Boolean isAsync, Int32 timeout, Task& task, Boolean asyncWrite, Boolean inRetry, SqlDataReader ds, Boolean describeParameterEncryptionRequest)
   at Microsoft.Data.SqlClient.SqlCommand.RunExecuteReader(CommandBehavior cmdBehavior, RunBehavior runBehavior, Boolean returnStream, TaskCompletionSource`1 completion, Int32 timeout, Task& task, Boolean& usedCache, Boolean asyncWrite, Boolean inRetry, String method)
   at Microsoft.Data.SqlClient.SqlCommand.RunExecuteReader(CommandBehavior cmdBehavior, RunBehavior runBehavior, Boolean returnStream, String method)
   at Microsoft.Data.SqlClient.SqlCommand.ExecuteReader(CommandBehavior behavior)
   at Microsoft.Data.SqlClient.SqlCommand.ExecuteDbDataReader(CommandBehavior behavior)
   at Microsoft.EntityFrameworkCore.Storage.RelationalCommand.ExecuteReader(RelationalCommandParameterObject parameterObject)
   at Microsoft.EntityFrameworkCore.Query.Internal.SingleQueryingEnumerable`1.Enumerator.InitializeReader(Enumerator enumerator)
   at Microsoft.EntityFrameworkCore.Query.Internal.SingleQueryingEnumerable`1.Enumerator.<>c.<MoveNext>b__21_0(DbContext _, Enumerator enumerator)
   at Microsoft.EntityFrameworkCore.SqlServer.Storage.Internal.SqlServerExecutionStrategy.Execute[TState,TResult](TState state, Func`3 operation, Func`3 verifySucceeded)
   at Microsoft.EntityFrameworkCore.Query.Internal.SingleQueryingEnumerable`1.Enumerator.MoveNext()
   at System.Collections.Generic.EnumerableHelpers.ToArray[T](IEnumerable`1 source, Int32& length)
   at System.Linq.Buffer`1..ctor(IEnumerable`1 source)
   at System.Linq.OrderedEnumerable`1.GetEnumerator()+MoveNext()
   at System.Linq.Enumerable.SelectIPartitionIterator`2.LazyToArray()
   at System.Linq.Enumerable.SelectIPartitionIterator`2.ToArray()
   at System.Linq.Enumerable.ToArray[TSource](IEnumerable`1 source)
   at CachingFramework.Redis.RedisObjects.RedisSortedSet`1.AddRange(IEnumerable`1 members, When when)
   at BAWebLab2.Core.LibCommon.CacheRedisHelper.AddEnumerableToSortedSet[T](String key, IEnumerable`1 data, TimeSpan time)
   at BAWebLab2.Core.Services.ReportVehicleSpeedViolationService.GetVehicles(Int32 companyID) in C:\Users\trungnq3\source\repos\BAWebLab2\BAWebLab2.Core\Services\ReportVehicleSpeedViolationService.cs:line 66
ClientConnectionId:7b51b209-5233-4a2a-9ed9-253e25e37436
Error Number:208,State:1,Class:16
2023-08-08 11:03:41,074 [55] ERROR BAWebLab2.Core.LibCommon.LogHelper - wrong email
2023-08-08 11:04:42,698 [71] ERROR BAWebLab2.Core.LibCommon.LogHelper - wrong email
2023-08-08 11:06:48,516 [6] ERROR BAWebLab2.Core.LibCommon.LogHelper - Microsoft.Data.SqlClient.SqlException (0x80131904): Invalid object name 'Vehicle.Vehicles'.
   at Microsoft.Data.SqlClient.SqlConnection.OnError(SqlException exception, Boolean breakConnection, Action`1 wrapCloseInAction)
   at Microsoft.Data.SqlClient.SqlInternalConnection.OnError(SqlException exception, Boolean breakConnection, Action`1 wrapCloseInAction)
   at Microsoft.Data.SqlClient.TdsParser.ThrowExceptionAndWarning(TdsParserStateObject stateObj, Boolean callerHasConnectionLock, Boolean asyncClose)
   at Microsoft.Data.SqlClient.TdsParser.TryRun(RunBehavior runBehavior, SqlCommand cmdHandler, SqlDataReader dataStream, BulkCopySimpleResultSet bulkCopyHandler, TdsParserStateObject stateObj, Boolean& dataReady)
   at Microsoft.Data.SqlClient.SqlDataReader.TryConsumeMetaData()
   at Microsoft.Data.SqlClient.SqlDataReader.get_MetaData()
   at Microsoft.Data.SqlClient.SqlCommand.FinishExecuteReader(SqlDataReader ds, RunBehavior runBehavior, String resetOptionsString, Boolean isInternal, Boolean forDescribeParameterEncryption, Boolean shouldCacheForAlwaysEncrypted)
   at Microsoft.Data.SqlClient.SqlCommand.RunExecuteReaderTds(CommandBehavior cmdBehavior, RunBehavior runBehavior, Boolean returnStream, Boolean isAsync, Int32 timeout, Task& task, Boolean asyncWrite, Boolean inRetry, SqlDataReader ds, Boolean describeParameterEncryptionRequest)
   at Microsoft.Data.SqlClient.SqlCommand.RunExecuteReader(CommandBehavior cmdBehavior, RunBehavior runBehavior, Boolean returnStream, TaskCompletionSource`1 completion, Int32 timeout, Task& task, Boolean& usedCache, Boolean asyncWrite, Boolean inRetry, String method)
   at Microsoft.Data.SqlClient.SqlCommand.RunExecuteReader(CommandBehavior cmdBehavior, RunBehavior runBehavior, Boolean returnStream, String method)
   at Microsoft.Data.SqlClient.SqlCommand.ExecuteReader(CommandBehavior behavior)
   at Microsoft.Data.SqlClient.SqlCommand.ExecuteDbDataReader(CommandBehavior behavior)
   at Microsoft.EntityFrameworkCore.Storage.RelationalCommand.ExecuteReader(RelationalCommandParameterObject parameterObject)
   at Microsoft.EntityFrameworkCore.Query.Internal.SingleQueryingEnumerable`1.Enumerator.InitializeReader(Enumerator enumerator)
   at Microsoft.EntityFrameworkCore.Query.Internal.SingleQueryingEnumerable`1.Enumerator.<>c.<MoveNext>b__21_0(DbContext _, Enumerator enumerator)
   at Microsoft.EntityFrameworkCore.SqlServer.Storage.Internal.SqlServerExecutionStrategy.Execute[TState,TResult](TState state, Func`3 operation, Func`3 verifySucceeded)
   at Microsoft.EntityFrameworkCore.Query.Internal.SingleQueryingEnumerable`1.Enumerator.MoveNext()
   at System.Collections.Generic.EnumerableHelpers.ToArray[T](IEnumerable`1 source, Int32& length)
   at System.Linq.Buffer`1..ctor(IEnumerable`1 source)
   at System.Linq.OrderedEnumerable`1.GetEnumerator()+MoveNext()
   at System.Linq.Enumerable.SelectIPartitionIterator`2.LazyToArray()
   at System.Linq.Enumerable.SelectIPartitionIterator`2.ToArray()
   at System.Linq.Enumerable.ToArray[TSource](IEnumerable`1 source)
   at CachingFramework.Redis.RedisObjects.RedisSortedSet`1.AddRange(IEnumerable`1 members, When when)
   at BAWebLab2.Core.LibCommon.CacheRedisHelper.AddEnumerableToSortedSet[T](String key, IEnumerable`1 data, TimeSpan time)
   at BAWebLab2.Core.Services.ReportVehicleSpeedViolationService.GetVehicles(Int32 companyID) in C:\Users\trungnq3\source\repos\BAWebLab2\BAWebLab2.Core\Services\ReportVehicleSpeedViolationService.cs:line 66
ClientConnectionId:3700a0c2-81ae-4621-af79-4e3d62dc14c0
Error Number:208,State:1,Class:16
2023-08-08 11:07:28,453 [6] ERROR BAWebLab2.Core.Services.ReportVehicleSpeedViolationService - System.InvalidOperationException: Cannot create a DbSet for 'User' because this type is not included in the model for the context.
   at Microsoft.EntityFrameworkCore.Internal.InternalDbSet`1.get_EntityType()
   at Microsoft.EntityFrameworkCore.Internal.InternalDbSet`1.EntryWithoutDetectChanges(TEntity entity)
   at Microsoft.EntityFrameworkCore.Internal.InternalDbSet`1.Add(TEntity entity)
   at BAWebLab2.Repository.GenericRepository`1.Add(T entity) in C:\Users\trungnq3\source\repos\BAWebLab2\BAWebLab2.Infrastructure\Repositories\GenericRepository.cs:line 36
   at UserRepository.Add(User user) in C:\Users\trungnq3\source\repos\BAWebLab2\BAWebLab2.Infrastructure\Repositories\UserRepository.cs:line 69
   at BAWebLab2.Core.Services.UserService.AddUser(User user) in C:\Users\trungnq3\source\repos\BAWebLab2\BAWebLab2.Core\Services\UserService.cs:line 272
2023-08-08 11:07:36,950 [4] ERROR BAWebLab2.Core.Services.ReportVehicleSpeedViolationService - System.InvalidOperationException: Cannot create a DbSet for 'User' because this type is not included in the model for the context.
   at Microsoft.EntityFrameworkCore.Internal.InternalDbSet`1.get_EntityType()
   at Microsoft.EntityFrameworkCore.Internal.InternalDbSet`1.EntryWithoutDetectChanges(TEntity entity)
   at Microsoft.EntityFrameworkCore.Internal.InternalDbSet`1.Add(TEntity entity)
   at BAWebLab2.Repository.GenericRepository`1.Add(T entity) in C:\Users\trungnq3\source\repos\BAWebLab2\BAWebLab2.Infrastructure\Repositories\GenericRepository.cs:line 36
   at UserRepository.Add(User user) in C:\Users\trungnq3\source\repos\BAWebLab2\BAWebLab2.Infrastructure\Repositories\UserRepository.cs:line 69
   at BAWebLab2.Core.Services.UserService.AddUser(User user) in C:\Users\trungnq3\source\repos\BAWebLab2\BAWebLab2.Core\Services\UserService.cs:line 272
2023-08-08 11:39:09,162 [44] ERROR BAWebLab2.Core.Services.ReportVehicleSpeedViolationService - System.InvalidOperationException: Sequence contains more than one matching element
   at System.Linq.ThrowHelper.ThrowMoreThanOneMatchException()
   at System.Linq.Enumerable.TryGetSingle[TSource](IEnumerable`1 source, Func`2 predicate, Boolean& found)
   at System.Linq.Enumerable.SingleOrDefault[TSource](IEnumerable`1 source, Func`2 predicate)
   at BAWebLab2.Core.Services.UserService.GetListUsersFilter(InputSearchList input) in C:\Users\trungnq3\source\repos\BAWebLab2\BAWebLab2.Core\Services\UserService.cs:line 55
2023-08-08 14:46:12,870 [15] ERROR BAWebLab2.Core.Services.ReportVehicleSpeedViolationService - System.InvalidOperationException: Sequence contains more than one matching element
   at System.Linq.ThrowHelper.ThrowMoreThanOneMatchException()
   at System.Linq.Enumerable.TryGetSingle[TSource](IEnumerable`1 source, Func`2 predicate, Boolean& found)
   at System.Linq.Enumerable.SingleOrDefault[TSource](IEnumerable`1 source, Func`2 predicate)
   at BAWebLab2.Core.Services.UserService.GetListUsersFilter(InputSearchList input) in C:\Users\trungnq3\source\repos\BAWebLab2\BAWebLab2.Core\Services\UserService.cs:line 55
2023-08-08 14:46:18,222 [8] ERROR BAWebLab2.Core.Services.ReportVehicleSpeedViolationService - System.InvalidOperationException: Sequence contains more than one matching element
   at System.Linq.ThrowHelper.ThrowMoreThanOneMatchException()
   at System.Linq.Enumerable.TryGetSingle[TSource](IEnumerable`1 source, Func`2 predicate, Boolean& found)
   at System.Linq.Enumerable.SingleOrDefault[TSource](IEnumerable`1 source, Func`2 predicate)
   at BAWebLab2.Core.Services.UserService.GetListUsersFilter(InputSearchList input) in C:\Users\trungnq3\source\repos\BAWebLab2\BAWebLab2.Core\Services\UserService.cs:line 55
2023-08-08 14:50:00,303 [3] ERROR BAWebLab2.Core.Services.ReportVehicleSpeedViolationService - System.InvalidOperationException: Sequence contains more than one matching element
   at System.Linq.ThrowHelper.ThrowMoreThanOneMatchException()
   at System.Linq.Enumerable.TryGetSingle[TSource](IEnumerable`1 source, Func`2 predicate, Boolean& found)
   at System.Linq.Enumerable.SingleOrDefault[TSource](IEnumerable`1 source, Func`2 predicate)
   at BAWebLab2.Core.Services.UserService.GetListUsersFilter(InputSearchList input) in C:\Users\trungnq3\source\repos\BAWebLab2\BAWebLab2.Core\Services\UserService.cs:line 55
